<?xml version="1.0" encoding="UTF-8"?>
<!-- Generated by org.testng.reporters.JUnitReportReporter -->
<testsuite hostname="DESKTOP-N42I4EB" failures="1" tests="34" name="com.hashTagMIS.Test.AdminUC.A3Task.AdAddTaskTCFull" time="16.016" errors="0" timestamp="2024-08-10T20:06:17 IST" skipped="0">
  <testcase classname="com.hashTagMIS.Test.AdminUC.A3Task.AdAddTaskTCFull" name="addTaskFromSheet" time="0.001"/>
  <system-out/>
  <testcase classname="com.hashTagMIS.Test.AdminUC.A3Task.AdAddTaskTCFull" name="addTaskFromSheet" time="0.208"/>
  <system-out/>
  <testcase classname="com.hashTagMIS.Test.AdminUC.A3Task.AdAddTaskTCFull" name="addTaskFromSheet" time="0.002"/>
  <system-out/>
  <testcase classname="com.hashTagMIS.Test.AdminUC.A3Task.AdAddTaskTCFull" name="addTaskFromSheet" time="0.001"/>
  <system-out/>
  <testcase classname="com.hashTagMIS.Test.AdminUC.A3Task.AdAddTaskTCFull" name="addTaskFromSheet" time="0.004"/>
  <system-out/>
  <testcase classname="com.hashTagMIS.Test.AdminUC.A3Task.AdAddTaskTCFull" name="addTaskFromSheet" time="0.004"/>
  <system-out/>
  <testcase classname="com.hashTagMIS.Test.AdminUC.A3Task.AdAddTaskTCFull" name="addTaskFromSheet" time="0.004"/>
  <system-out/>
  <testcase classname="com.hashTagMIS.Test.AdminUC.A3Task.AdAddTaskTCFull" name="addTaskFromSheet" time="0.004"/>
  <system-out/>
  <testcase classname="com.hashTagMIS.Test.AdminUC.A3Task.AdAddTaskTCFull" name="addTaskFromSheet" time="0.008"/>
  <system-out/>
  <testcase classname="com.hashTagMIS.Test.AdminUC.A3Task.AdAddTaskTCFull" name="addTaskFromSheet" time="0.003"/>
  <system-out/>
  <testcase classname="com.hashTagMIS.Test.AdminUC.A3Task.AdAddTaskTCFull" name="addTaskFromSheet" time="0.002"/>
  <system-out/>
  <testcase classname="com.hashTagMIS.Test.AdminUC.A3Task.AdAddTaskTCFull" name="addTaskFromSheet" time="0.001"/>
  <system-out/>
  <testcase classname="com.hashTagMIS.Test.AdminUC.A3Task.AdAddTaskTCFull" name="addTaskFromSheet" time="0.005"/>
  <system-out/>
  <testcase classname="com.hashTagMIS.Test.AdminUC.A3Task.AdAddTaskTCFull" name="addTaskFromSheet" time="0.004"/>
  <system-out/>
  <testcase classname="com.hashTagMIS.Test.AdminUC.A3Task.AdAddTaskTCFull" name="addTaskFromSheet" time="0.005"/>
  <system-out/>
  <testcase classname="com.hashTagMIS.Test.AdminUC.A3Task.AdAddTaskTCFull" name="addTaskFromSheet" time="0.002"/>
  <system-out/>
  <testcase classname="com.hashTagMIS.Test.AdminUC.A3Task.AdAddTaskTCFull" name="addTaskFromSheet" time="0.003"/>
  <system-out/>
  <testcase classname="com.hashTagMIS.Test.AdminUC.A3Task.AdAddTaskTCFull" name="addTaskFromSheet" time="0.001"/>
  <system-out/>
  <testcase classname="com.hashTagMIS.Test.AdminUC.A3Task.AdAddTaskTCFull" name="addTaskFromSheet" time="0.008"/>
  <system-out/>
  <testcase classname="com.hashTagMIS.Test.AdminUC.A3Task.AdAddTaskTCFull" name="addTaskFromSheet" time="0.001"/>
  <system-out/>
  <testcase classname="com.hashTagMIS.Test.AdminUC.A3Task.AdAddTaskTCFull" name="addTaskFromSheet" time="0.006"/>
  <system-out/>
  <testcase classname="com.hashTagMIS.Test.AdminUC.A3Task.AdAddTaskTCFull" name="addTaskFromSheet" time="0.005"/>
  <system-out/>
  <testcase classname="com.hashTagMIS.Test.AdminUC.A3Task.AdAddTaskTCFull" name="addTaskFromSheet" time="0.002"/>
  <system-out/>
  <testcase classname="com.hashTagMIS.Test.AdminUC.A3Task.AdAddTaskTCFull" name="addTaskFromSheet" time="0.004"/>
  <system-out/>
  <testcase classname="com.hashTagMIS.Test.AdminUC.A3Task.AdAddTaskTCFull" name="addTaskFromSheet" time="0.002"/>
  <system-out/>
  <testcase classname="com.hashTagMIS.Test.AdminUC.A3Task.AdAddTaskTCFull" name="addTaskFromSheet" time="0.004"/>
  <system-out/>
  <testcase classname="com.hashTagMIS.Test.AdminUC.A3Task.AdAddTaskTCFull" name="addTaskFromSheet" time="0.011"/>
  <system-out/>
  <testcase classname="com.hashTagMIS.Test.AdminUC.A3Task.AdAddTaskTCFull" name="addTaskFromSheet" time="0.002"/>
  <system-out/>
  <testcase classname="com.hashTagMIS.Test.AdminUC.A3Task.AdAddTaskTCFull" name="addTaskFromSheet" time="0.002"/>
  <system-out/>
  <testcase classname="com.hashTagMIS.Test.AdminUC.A3Task.AdAddTaskTCFull" name="addTaskFromSheet" time="0.003"/>
  <system-out/>
  <testcase classname="com.hashTagMIS.Test.AdminUC.A3Task.AdAddTaskTCFull" name="addTaskFromSheet" time="0.000"/>
  <system-out/>
  <testcase classname="com.hashTagMIS.Test.AdminUC.A3Task.AdAddTaskTCFull" name="addTaskFromSheet" time="0.001"/>
  <system-out/>
  <testcase classname="com.hashTagMIS.Test.AdminUC.A3Task.AdAddTaskTCFull" name="addTaskFromSheet" time="0.001"/>
  <system-out/>
  <testcase classname="com.hashTagMIS.Test.AdminUC.A3Task.AdAddTaskTCFull" name="verifyTaskFromSheet" time="15.702">
    <failure message="The following asserts failed:
	{General IRs Published=Specify Counts, Major IRs Published=Specify Counts, Serious IRs Published=Specify Counts, IRs Processed=Specify Counts, Internal IRs=Specify Counts, Internal IR Updates=Specify Counts, IR Updates=Specify Counts, Add Summary - Only For IRs performed by Others=Specify Counts, CRH Queries=Specify Counts, Move Request=Specify Counts, Maintenance Report=Specify Counts, End Of Day Summary - Excel Create=Type 1 for Done, End Of Day Summary - Categorize=Specify Counts, End of Day Summary with Updates=Specify Counts, General Queries=Specify Counts, Email Scanning=Specify No. Of Days, Closing Active IRs=Specify Counts, Archiving=Specify Counts, Database update=Specify Counts, Cease of Movement=Specify Counts, WL Chase=Specify Counts, Weekly Or Monthly IR Count Report (Internal)=Type 1 for Done, Weekly IR Word=Specify No. Of Days, Weekly IR Excel=Specify No. Of Days, Observation Check=Specify Counts, Filling Action Taken=Specify Counts, Calls=Specify Counts, Emails=Specify Counts, Meeting=Specify Duration in Mins, Meeting Minutes=Type 1 For Done, Handover=Specify Counts, Training=Specify Task, Other Tasks=Specify In Brief}&lt;=&gt;0The task maps sizes are not equal! expected [0] but found [33]" type="java.lang.AssertionError">
      <![CDATA[java.lang.AssertionError: The following asserts failed:
{General IRs Published=Specify Counts, Major IRs Published=Specify Counts, Serious IRs Published=Specify Counts, IRs Processed=Specify Counts, Internal IRs=Specify Counts, Internal IR Updates=Specify Counts, IR Updates=Specify Counts, Add Summary - Only For IRs performed by Others=Specify Counts, CRH Queries=Specify Counts, Move Request=Specify Counts, Maintenance Report=Specify Counts, End Of Day Summary - Excel Create=Type 1 for Done, End Of Day Summary - Categorize=Specify Counts, End of Day Summary with Updates=Specify Counts, General Queries=Specify Counts, Email Scanning=Specify No. Of Days, Closing Active IRs=Specify Counts, Archiving=Specify Counts, Database update=Specify Counts, Cease of Movement=Specify Counts, WL Chase=Specify Counts, Weekly Or Monthly IR Count Report (Internal)=Type 1 for Done, Weekly IR Word=Specify No. Of Days, Weekly IR Excel=Specify No. Of Days, Observation Check=Specify Counts, Filling Action Taken=Specify Counts, Calls=Specify Counts, Emails=Specify Counts, Meeting=Specify Duration in Mins, Meeting Minutes=Type 1 For Done, Handover=Specify Counts, Training=Specify Task, Other Tasks=Specify In Brief}<=>0The task maps sizes are not equal! expected [0] but found [33]
at org.testng.asserts.SoftAssert.assertAll(SoftAssert.java:47)
at org.testng.asserts.SoftAssert.assertAll(SoftAssert.java:31)
at com.hashTagMIS.Test.AdminUC.A3Task.AdAddTaskTCFull.verifyTaskFromSheet(AdAddTaskTCFull.java:160)
at java.base/jdk.internal.reflect.DirectMethodHandleAccessor.invoke(DirectMethodHandleAccessor.java:103)
at java.base/java.lang.reflect.Method.invoke(Method.java:580)
at org.testng.internal.MethodInvocationHelper.invokeMethod(MethodInvocationHelper.java:133)
at org.testng.internal.TestInvoker.invokeMethod(TestInvoker.java:598)
at org.testng.internal.TestInvoker.invokeTestMethod(TestInvoker.java:173)
at org.testng.internal.MethodRunner.runInSequence(MethodRunner.java:46)
at org.testng.internal.TestInvoker$MethodInvocationAgent.invoke(TestInvoker.java:824)
at org.testng.internal.TestInvoker.invokeTestMethods(TestInvoker.java:146)
at org.testng.internal.TestMethodWorker.invokeTestMethods(TestMethodWorker.java:146)
at org.testng.internal.TestMethodWorker.run(TestMethodWorker.java:128)
at java.base/java.util.ArrayList.forEach(ArrayList.java:1596)
at org.testng.TestRunner.privateRun(TestRunner.java:794)
at org.testng.TestRunner.run(TestRunner.java:596)
at org.testng.SuiteRunner.runTest(SuiteRunner.java:377)
at org.testng.SuiteRunner.runSequentially(SuiteRunner.java:371)
at org.testng.SuiteRunner.privateRun(SuiteRunner.java:332)
at org.testng.SuiteRunner.run(SuiteRunner.java:276)
at org.testng.SuiteRunnerWorker.runSuite(SuiteRunnerWorker.java:53)
at org.testng.SuiteRunnerWorker.run(SuiteRunnerWorker.java:96)
at org.testng.TestNG.runSuitesSequentially(TestNG.java:1212)
at org.testng.TestNG.runSuitesLocally(TestNG.java:1134)
at org.testng.TestNG.runSuites(TestNG.java:1063)
at org.testng.TestNG.run(TestNG.java:1031)
at org.testng.remote.AbstractRemoteTestNG.run(AbstractRemoteTestNG.java:115)
at org.testng.remote.RemoteTestNG.initAndRun(RemoteTestNG.java:293)
at org.testng.remote.RemoteTestNG.main(RemoteTestNG.java:91)
]]>
    </failure>
  </testcase> <!-- verifyTaskFromSheet -->
  <system-out/>
</testsuite> <!-- com.hashTagMIS.Test.AdminUC.A3Task.AdAddTaskTCFull -->
