<?xml version="1.0" encoding="UTF-8"?>
<!-- Generated by org.testng.reporters.JUnitReportReporter -->
<testsuite hostname="DESKTOP-N42I4EB" failures="0" tests="2" name="com.hashTagMIS.Test.Admin.A2Login.AdEmpTC" time="3.339" errors="0" timestamp="2024-07-18T21:22:31 IST" skipped="1">
  <testcase classname="com.hashTagMIS.Test.Admin.A2Login.AdEmpTC" name="adminLogin" time="3.339"/>
  <system-out>
    <![CDATA[Staff Added<====>Staff Added
<== Verify data in list ==>
General Manager<==>Care Support
Maintenance, Care Support, E-Commerce, Developer<==>Developer
Mark<==>E-Commerce
mark@gmail.com<==>General Manager
<== Verify data in Emp edit Page ==>
<== Verify data in Emp Credentials ==>]]>
  </system-out>
  <testcase classname="com.hashTagMIS.Test.Admin.A2Login.AdEmpTC" name="DeleteAllStaff">
    <skipped/>
  </testcase> <!-- DeleteAllStaff -->
  <system-out/>
</testsuite> <!-- com.hashTagMIS.Test.Admin.A2Login.AdEmpTC -->
