<?xml version="1.0" encoding="UTF-8"?>
<!-- Generated by org.testng.reporters.JUnitReportReporter -->
<testsuite hostname="DESKTOP-N42I4EB" failures="0" tests="23" name="com.hashTagMIS.Test.AdminUC.A1Department.Ad2AddMultiDeptandVerifytheirPresenceTC" time="9.902" errors="1" timestamp="2024-08-13T14:48:16 IST" skipped="22">
  <testcase classname="com.hashTagMIS.Test.AdminUC.A1Department.Ad2AddMultiDeptandVerifytheirPresenceTC" name="openBrowser" time="9.902">
    <error message="Cannot invoke &quot;org.testng.asserts.SoftAssert.assertEquals(String, String)&quot; because &quot;this.soft&quot; is null" type="java.lang.NullPointerException">
      <![CDATA[java.lang.NullPointerException: Cannot invoke "org.testng.asserts.SoftAssert.assertEquals(String, String)" because "this.soft" is null
at com.hashTagMIS.Test.AdminUC.A1Department.Ad2AddMultiDeptandVerifytheirPresenceTC.adminSignIn(Ad2AddMultiDeptandVerifytheirPresenceTC.java:156)
at com.hashTagMIS.Test.AdminUC.A1Department.Ad2AddMultiDeptandVerifytheirPresenceTC.openBrowser(Ad2AddMultiDeptandVerifytheirPresenceTC.java:71)
at java.base/jdk.internal.reflect.DirectMethodHandleAccessor.invoke(DirectMethodHandleAccessor.java:103)
at java.base/java.lang.reflect.Method.invoke(Method.java:580)
at org.testng.internal.MethodInvocationHelper.invokeMethod(MethodInvocationHelper.java:133)
at org.testng.internal.MethodInvocationHelper.invokeMethodConsideringTimeout(MethodInvocationHelper.java:62)
at org.testng.internal.ConfigInvoker.invokeConfigurationMethod(ConfigInvoker.java:385)
at org.testng.internal.ConfigInvoker.invokeConfigurations(ConfigInvoker.java:321)
at org.testng.internal.TestMethodWorker.invokeBeforeClassMethods(TestMethodWorker.java:176)
at org.testng.internal.TestMethodWorker.run(TestMethodWorker.java:122)
at java.base/java.util.ArrayList.forEach(ArrayList.java:1596)
at org.testng.TestRunner.privateRun(TestRunner.java:794)
at org.testng.TestRunner.run(TestRunner.java:596)
at org.testng.SuiteRunner.runTest(SuiteRunner.java:377)
at org.testng.SuiteRunner.runSequentially(SuiteRunner.java:371)
at org.testng.SuiteRunner.privateRun(SuiteRunner.java:332)
at org.testng.SuiteRunner.run(SuiteRunner.java:276)
at org.testng.SuiteRunnerWorker.runSuite(SuiteRunnerWorker.java:53)
at org.testng.SuiteRunnerWorker.run(SuiteRunnerWorker.java:96)
at org.testng.TestNG.runSuitesSequentially(TestNG.java:1212)
at org.testng.TestNG.runSuitesLocally(TestNG.java:1134)
at org.testng.TestNG.runSuites(TestNG.java:1063)
at org.testng.TestNG.run(TestNG.java:1031)
at org.testng.remote.AbstractRemoteTestNG.run(AbstractRemoteTestNG.java:115)
at org.testng.remote.RemoteTestNG.initAndRun(RemoteTestNG.java:293)
at org.testng.remote.RemoteTestNG.main(RemoteTestNG.java:91)
]]>
    </error>
  </testcase> <!-- openBrowser -->
  <system-out>
    <![CDATA[OTP has been sent successfully<===>OTP has been sent successfully]]>
  </system-out>
  <testcase classname="com.hashTagMIS.Test.AdminUC.A1Department.Ad2AddMultiDeptandVerifytheirPresenceTC" name="testAddDepartmentMulti" time="0.000">
    <skipped/>
  </testcase> <!-- testAddDepartmentMulti -->
  <system-out/>
  <testcase classname="com.hashTagMIS.Test.AdminUC.A1Department.Ad2AddMultiDeptandVerifytheirPresenceTC" name="testAddDepartmentMulti" time="0.000">
    <skipped/>
  </testcase> <!-- testAddDepartmentMulti -->
  <system-out/>
  <testcase classname="com.hashTagMIS.Test.AdminUC.A1Department.Ad2AddMultiDeptandVerifytheirPresenceTC" name="testAddDepartmentMulti" time="0.000">
    <skipped/>
  </testcase> <!-- testAddDepartmentMulti -->
  <system-out/>
  <testcase classname="com.hashTagMIS.Test.AdminUC.A1Department.Ad2AddMultiDeptandVerifytheirPresenceTC" name="testAddDepartmentMulti" time="0.000">
    <skipped/>
  </testcase> <!-- testAddDepartmentMulti -->
  <system-out/>
  <testcase classname="com.hashTagMIS.Test.AdminUC.A1Department.Ad2AddMultiDeptandVerifytheirPresenceTC" name="testAddDepartmentMulti" time="0.000">
    <skipped/>
  </testcase> <!-- testAddDepartmentMulti -->
  <system-out/>
  <testcase classname="com.hashTagMIS.Test.AdminUC.A1Department.Ad2AddMultiDeptandVerifytheirPresenceTC" name="testAddDepartmentMulti" time="0.000">
    <skipped/>
  </testcase> <!-- testAddDepartmentMulti -->
  <system-out/>
  <testcase classname="com.hashTagMIS.Test.AdminUC.A1Department.Ad2AddMultiDeptandVerifytheirPresenceTC" name="testAddDepartmentMulti" time="0.000">
    <skipped/>
  </testcase> <!-- testAddDepartmentMulti -->
  <system-out/>
  <testcase classname="com.hashTagMIS.Test.AdminUC.A1Department.Ad2AddMultiDeptandVerifytheirPresenceTC" name="testAddDepartmentMulti" time="0.000">
    <skipped/>
  </testcase> <!-- testAddDepartmentMulti -->
  <system-out/>
  <testcase classname="com.hashTagMIS.Test.AdminUC.A1Department.Ad2AddMultiDeptandVerifytheirPresenceTC" name="testAddDepartmentMulti" time="0.000">
    <skipped/>
  </testcase> <!-- testAddDepartmentMulti -->
  <system-out/>
  <testcase classname="com.hashTagMIS.Test.AdminUC.A1Department.Ad2AddMultiDeptandVerifytheirPresenceTC" name="testAddDepartmentMulti" time="0.000">
    <skipped/>
  </testcase> <!-- testAddDepartmentMulti -->
  <system-out/>
  <testcase classname="com.hashTagMIS.Test.AdminUC.A1Department.Ad2AddMultiDeptandVerifytheirPresenceTC" name="testAddDepartmentMulti" time="0.000">
    <skipped/>
  </testcase> <!-- testAddDepartmentMulti -->
  <system-out/>
  <testcase classname="com.hashTagMIS.Test.AdminUC.A1Department.Ad2AddMultiDeptandVerifytheirPresenceTC" name="testAddDepartmentMulti" time="0.000">
    <skipped/>
  </testcase> <!-- testAddDepartmentMulti -->
  <system-out/>
  <testcase classname="com.hashTagMIS.Test.AdminUC.A1Department.Ad2AddMultiDeptandVerifytheirPresenceTC" name="testAddDepartmentMulti" time="0.000">
    <skipped/>
  </testcase> <!-- testAddDepartmentMulti -->
  <system-out/>
  <testcase classname="com.hashTagMIS.Test.AdminUC.A1Department.Ad2AddMultiDeptandVerifytheirPresenceTC" name="testAddDepartmentMulti" time="0.000">
    <skipped/>
  </testcase> <!-- testAddDepartmentMulti -->
  <system-out/>
  <testcase classname="com.hashTagMIS.Test.AdminUC.A1Department.Ad2AddMultiDeptandVerifytheirPresenceTC" name="testAddDepartmentMulti" time="0.000">
    <skipped/>
  </testcase> <!-- testAddDepartmentMulti -->
  <system-out/>
  <testcase classname="com.hashTagMIS.Test.AdminUC.A1Department.Ad2AddMultiDeptandVerifytheirPresenceTC" name="testAddDepartmentMulti" time="0.000">
    <skipped/>
  </testcase> <!-- testAddDepartmentMulti -->
  <system-out/>
  <testcase classname="com.hashTagMIS.Test.AdminUC.A1Department.Ad2AddMultiDeptandVerifytheirPresenceTC" name="testAddDepartmentMulti" time="0.000">
    <skipped/>
  </testcase> <!-- testAddDepartmentMulti -->
  <system-out/>
  <testcase classname="com.hashTagMIS.Test.AdminUC.A1Department.Ad2AddMultiDeptandVerifytheirPresenceTC" name="testAddDepartmentMulti" time="0.000">
    <skipped/>
  </testcase> <!-- testAddDepartmentMulti -->
  <system-out/>
  <testcase classname="com.hashTagMIS.Test.AdminUC.A1Department.Ad2AddMultiDeptandVerifytheirPresenceTC" name="testAddDepartmentMulti" time="0.000">
    <skipped/>
  </testcase> <!-- testAddDepartmentMulti -->
  <system-out/>
  <testcase classname="com.hashTagMIS.Test.AdminUC.A1Department.Ad2AddMultiDeptandVerifytheirPresenceTC" name="testAddDepartmentMulti" time="0.000">
    <skipped/>
  </testcase> <!-- testAddDepartmentMulti -->
  <system-out/>
  <testcase classname="com.hashTagMIS.Test.AdminUC.A1Department.Ad2AddMultiDeptandVerifytheirPresenceTC" name="testAddDepartmentMulti" time="0.000">
    <skipped/>
  </testcase> <!-- testAddDepartmentMulti -->
  <system-out/>
  <testcase classname="com.hashTagMIS.Test.AdminUC.A1Department.Ad2AddMultiDeptandVerifytheirPresenceTC" name="testVerifyAllDepInAllDropdown">
    <skipped/>
  </testcase> <!-- testVerifyAllDepInAllDropdown -->
  <system-out/>
</testsuite> <!-- com.hashTagMIS.Test.AdminUC.A1Department.Ad2AddMultiDeptandVerifytheirPresenceTC -->
