<?xml version="1.0" encoding="UTF-8"?>
<!-- Generated by org.testng.reporters.JUnitReportReporter -->
<testsuite hostname="DESKTOP-N42I4EB" failures="0" tests="2" name="com.hashTagMIS.Test.AdminUC.A1Department.Ad2AddMultiDeptandVerifytheirPresenceTC" time="30.112" errors="0" timestamp="2024-08-16T17:16:07 IST" skipped="1">
  <testcase classname="com.hashTagMIS.Test.AdminUC.A1Department.Ad2AddMultiDeptandVerifytheirPresenceTC" name="verifyAllDepInAllDropdownTest" time="30.112"/>
  <system-out>
    <![CDATA[[3D Design, Accounts, Care Support, Data Analyst, E-Commerce, Food, Game Development, Graphic design, IT, Incident, Info, Laundry, MPR, Maintenance, Procurement, Project Management, Security, Software Development, System Admin, Training, Video Editing]
[3D Design, Accounts, Care Support, Data Analyst, E-Commerce, Food, Game Development, Graphic design, IT, Incident, Info, Laundry, MPR, Maintenance, Procurement, Project Management, Security, Software Development, System Admin, Training, Video Editing]
[3D Design, Accounts, Care Support, Data Analyst, E-Commerce, Food, Game Development, Graphic design, IT, Incident, Info, Laundry, MPR, Maintenance, Procurement, Project Management, Security, Software Development, System Admin, Training, Video Editing]
[3D Design, Accounts, Care Support, Data Analyst, E-Commerce, Food, Game Development, Graphic design, IT, Incident, Info, Laundry, MPR, Maintenance, Procurement, Project Management, Security, Software Development, System Admin, Training, Video Editing]
[3D Design, Accounts, Care Support, Data Analyst, E-Commerce, Food, Game Development, Graphic design, IT, Incident, Info, Laundry, MPR, Maintenance, Procurement, Project Management, Security, Software Development, System Admin, Training, Video Editing]]]>
  </system-out>
  <testcase classname="com.hashTagMIS.Test.AdminUC.A1Department.Ad2AddMultiDeptandVerifytheirPresenceTC" name="addDepartmentMultiTest">
    <skipped/>
  </testcase> <!-- addDepartmentMultiTest -->
  <system-out/>
</testsuite> <!-- com.hashTagMIS.Test.AdminUC.A1Department.Ad2AddMultiDeptandVerifytheirPresenceTC -->
