<?xml version="1.0" encoding="UTF-8"?>
<!-- Generated by org.testng.reporters.JUnitReportReporter -->
<testsuite hostname="DESKTOP-N42I4EB" failures="0" tests="1" name="com.hashTagMIS.Test.EmployeeUC.c2Report.F1EmAddReportTC" time="63.659" errors="0" timestamp="2024-07-26T20:53:01 IST" skipped="0">
  <testcase classname="com.hashTagMIS.Test.EmployeeUC.c2Report.F1EmAddReportTC" name="FillReport" time="63.659"/>
  <system-out>
    <![CDATA[Report submitted successfully!<==>Report submitted successfully!
[2024-05-21, Incident, 2024-07-26 08:52 PM]
[2024-05-21, Incident, 2024-07-26 08:52 PM]
[Employee, 2024-07-26 08:52 PM, 2024-05-21, Incident, Unchecked]
[Employee, 2024-07-26 08:52 PM, 2024-05-21, Incident, Unchecked]
OTP has been sent successfully<===>OTP has been sent successfully
[Employee, 2024-07-26 08:52 PM, 2024-05-21, Incident, Unchecked]
[Employee, 2024-07-26 08:52 PM, 2024-05-21, Incident, Unchecked]
[Employee Name: Employee, Incident, 2024-05-21, Unchecked]
[Employee Name: Employee, Incident, 2024-05-21, Unchecked]
[Employee Name: Employee, Incident, 2024-05-21, Unchecked]
[Employee Name: Employee, Incident, 2024-05-21, Unchecked]
1] EmRF Weekly IR Excel<=>501
1] EmVR Weekly IR Excel<=>501
1] SAVR Weekly IR Excel<=>501
1] AdVR Weekly IR Excel<=>501
1] AdER Weekly IR Excel<=>501
2] EmRF IRs Processed<=>502
2] EmVR IRs Processed<=>502
2] SAVR IRs Processed<=>502
2] AdVR IRs Processed<=>502
2] AdER IRs Processed<=>502
3] EmRF Internal Irs<=>503
3] EmVR Internal Irs<=>503
3] SAVR Internal Irs<=>503
3] AdVR Internal Irs<=>503
3] AdER Internal Irs<=>503
4] EmRF Major IRs Published<=>504
4] EmVR Major IRs Published<=>504
4] SAVR Major IRs Published<=>504
4] AdVR Major IRs Published<=>504
4] AdER Major IRs Published<=>504
5] EmRF IR Updates<=>505
5] EmVR IR Updates<=>505
5] SAVR IR Updates<=>505
5] AdVR IR Updates<=>505
5] AdER IR Updates<=>505
6] EmRF Add Summary - Only For IRs performed by Others<=>506
6] EmVR Add Summary - Only For IRs performed by Others<=>506
6] SAVR Add Summary - Only For IRs performed by Others<=>506
6] AdVR Add Summary - Only For IRs performed by Others<=>506
6] AdER Add Summary - Only For IRs performed by Others<=>506
7] EmRF CRH Queries<=>507
7] EmVR CRH Queries<=>507
7] SAVR CRH Queries<=>507
7] AdVR CRH Queries<=>507
7] AdER CRH Queries<=>507
8] EmRF General IRs Published<=>508
8] EmVR General IRs Published<=>508
8] SAVR General IRs Published<=>508
8] AdVR General IRs Published<=>508
8] AdER General IRs Published<=>508
9] EmRF Serious IRs Published<=>509
9] EmVR Serious IRs Published<=>509
9] SAVR Serious IRs Published<=>509
9] AdVR Serious IRs Published<=>509
9] AdER Serious IRs Published<=>509
10] EmRF Move Request<=>510
10] EmVR Move Request<=>510
10] SAVR Move Request<=>510
10] AdVR Move Request<=>510
10] AdER Move Request<=>510
11] EmRF Maintenance Report<=>511
11] EmVR Maintenance Report<=>511
11] SAVR Maintenance Report<=>511
11] AdVR Maintenance Report<=>511
11] AdER Maintenance Report<=>511
12] EmRF Total Incidents Report<=>512
12] EmVR Total Incidents Report<=>512
12] SAVR Total Incidents Report<=>512
12] AdVR Total Incidents Report<=>512
12] AdER Total Incidents Report<=>512
13] EmRF Major Updates<=>513
13] EmVR Major Updates<=>513
13] SAVR Major Updates<=>513
13] AdVR Major Updates<=>513
13] AdER Major Updates<=>513
14] EmRF General Queries<=>514
14] EmVR General Queries<=>514
14] SAVR General Queries<=>514
14] AdVR General Queries<=>514
14] AdER General Queries<=>514
15] EmRF Email Scanning<=>515
15] EmVR Email Scanning<=>515
15] SAVR Email Scanning<=>515
15] AdVR Email Scanning<=>515
15] AdER Email Scanning<=>515
16] EmRF Closing Active Irs<=>516
16] EmVR Closing Active Irs<=>516
16] SAVR Closing Active Irs<=>516
16] AdVR Closing Active Irs<=>516
16] AdER Closing Active Irs<=>516
17] EmRF Archiving<=>517
17] EmVR Archiving<=>517
17] SAVR Archiving<=>517
17] AdVR Archiving<=>517
17] AdER Archiving<=>517
18] EmRF Database update<=>518
18] EmVR Database update<=>518
18] SAVR Database update<=>518
18] AdVR Database update<=>518
18] AdER Database update<=>518
19] EmRF Weekly Top IRs (Abdul's Task)<=>519
19] EmVR Weekly Top IRs (Abdul's Task)<=>519
19] SAVR Weekly Top IRs (Abdul's Task)<=>519
19] AdVR Weekly Top IRs (Abdul's Task)<=>519
19] AdER Weekly Top IRs (Abdul's Task)<=>519
20] EmRF Cease of Movement<=>520
20] EmVR Cease of Movement<=>520
20] SAVR Cease of Movement<=>520
20] AdVR Cease of Movement<=>520
20] AdER Cease of Movement<=>520
21] EmRF Weekly Or Monthly IR Count Report (Internal)<=>521
21] EmVR Weekly Or Monthly IR Count Report (Internal)<=>521
21] SAVR Weekly Or Monthly IR Count Report (Internal)<=>521
21] AdVR Weekly Or Monthly IR Count Report (Internal)<=>521
21] AdER Weekly Or Monthly IR Count Report (Internal)<=>521
22] EmRF Weekly IR Word<=>522
22] EmVR Weekly IR Word<=>522
22] SAVR Weekly IR Word<=>522
22] AdVR Weekly IR Word<=>522
22] AdER Weekly IR Word<=>522
23] EmRF Laundry Logs<=>523
23] EmVR Laundry Logs<=>523
23] SAVR Laundry Logs<=>523
23] AdVR Laundry Logs<=>523
23] AdER Laundry Logs<=>523
24] EmRF WL Chase<=>524
24] EmVR WL Chase<=>524
24] SAVR WL Chase<=>524
24] AdVR WL Chase<=>524
24] AdER WL Chase<=>524
25] EmRF Observation Check<=>525
25] EmVR Observation Check<=>525
25] SAVR Observation Check<=>525
25] AdVR Observation Check<=>525
25] AdER Observation Check<=>525
26] EmRF Weekly Top Food IRs<=>526
26] EmVR Weekly Top Food IRs<=>526
26] SAVR Weekly Top Food IRs<=>526
26] AdVR Weekly Top Food IRs<=>526
26] AdER Weekly Top Food IRs<=>526
27] EmRF Meeting Minutes<=>527
27] EmVR Meeting Minutes<=>527
27] SAVR Meeting Minutes<=>527
27] AdVR Meeting Minutes<=>527
27] AdER Meeting Minutes<=>527
28] EmRF Calls<=>528
28] EmVR Calls<=>528
28] SAVR Calls<=>528
28] AdVR Calls<=>528
28] AdER Calls<=>528
29] EmRF Emails<=>529
29] EmVR Emails<=>529
29] SAVR Emails<=>529
29] AdVR Emails<=>529
29] AdER Emails<=>529
30] EmRF Meeting<=>530
30] EmVR Meeting<=>530
30] SAVR Meeting<=>530
30] AdVR Meeting<=>530
30] AdER Meeting<=>530
31] EmRF Handover<=>531
31] EmVR Handover<=>531
31] SAVR Handover<=>531
31] AdVR Handover<=>531
31] AdER Handover<=>531
32] EmRF Other Tasks<=>Incident Other Tasks Long calls duration-1. 32 m 56 s (Call to HI Wembley. Their main number was not working, Followed vonage troubleshooting2. 32 m 56 s (Call to HI Wembley. Their main number was not working, Followed vonage troubleshooting
32] EmVR Other Tasks<=>Incident Other Tasks Long calls duration-1. 32 m 56 s (Call to HI Wembley. Their main number was not working, Followed vonage troubleshooting2. 32 m 56 s (Call to HI Wembley. Their main number was not working, Followed vonage troubleshooting
32] SAVR Other Tasks<=>Incident Other Tasks Long calls duration-1. 32 m 56 s (Call to HI Wembley. Their main number was not working, Followed vonage troubleshooting2. 32 m 56 s (Call to HI Wembley. Their main number was not working, Followed vonage troubleshooting
32] AdVR Other Tasks<=>Incident Other Tasks Long calls duration-1. 32 m 56 s (Call to HI Wembley. Their main number was not working, Followed vonage troubleshooting2. 32 m 56 s (Call to HI Wembley. Their main number was not working, Followed vonage troubleshooting
32] AdER Other Tasks<=>Incident Other Tasks Long calls duration-1. 32 m 56 s (Call to HI Wembley. Their main number was not working, Followed vonage troubleshooting2. 32 m 56 s (Call to HI Wembley. Their main number was not working, Followed vonage troubleshooting
33] EmRF Training<=>Incident Training Long calls duration-1. 32 m 56 s (Call to HI Wembley. Their main number was not working, Followed vonage troubleshooting2. 32 m 56 s (Call to HI Wembley. Their main number was not working, Followed vonage troubleshooting
33] EmVR Training<=>Incident Training Long calls duration-1. 32 m 56 s (Call to HI Wembley. Their main number was not working, Followed vonage troubleshooting2. 32 m 56 s (Call to HI Wembley. Their main number was not working, Followed vonage troubleshooting
33] SAVR Training<=>Incident Training Long calls duration-1. 32 m 56 s (Call to HI Wembley. Their main number was not working, Followed vonage troubleshooting2. 32 m 56 s (Call to HI Wembley. Their main number was not working, Followed vonage troubleshooting
33] AdVR Training<=>Incident Training Long calls duration-1. 32 m 56 s (Call to HI Wembley. Their main number was not working, Followed vonage troubleshooting2. 32 m 56 s (Call to HI Wembley. Their main number was not working, Followed vonage troubleshooting
33] AdER Training<=>Incident Training Long calls duration-1. 32 m 56 s (Call to HI Wembley. Their main number was not working, Followed vonage troubleshooting2. 32 m 56 s (Call to HI Wembley. Their main number was not working, Followed vonage troubleshooting
<=======================================>
<=======================================>]]>
  </system-out>
</testsuite> <!-- com.hashTagMIS.Test.EmployeeUC.c2Report.F1EmAddReportTC -->
