<?xml version="1.0" encoding="UTF-8"?>
<!-- Generated by org.testng.reporters.JUnitReportReporter -->
<testsuite hostname="DESKTOP-N42I4EB" failures="0" tests="1" name="com.hashTagMIS.Test.EmployeeUC.c2Report.AddReportTC" time="130.968" errors="0" timestamp="2024-08-10T19:57:23 IST" skipped="0">
  <testcase classname="com.hashTagMIS.Test.EmployeeUC.c2Report.AddReportTC" name="FillReport" time="130.968"/>
  <system-out>
    <![CDATA[<=======================================>]]>
  </system-out>
</testsuite> <!-- com.hashTagMIS.Test.EmployeeUC.c2Report.AddReportTC -->
