<?xml version="1.0" encoding="UTF-8"?>
<!-- Generated by org.testng.reporters.JUnitReportReporter -->
<testsuite hostname="DESKTOP-N42I4EB" failures="0" tests="3" name="com.hashTagMIS.Test.AdminUC.A2Employee.AdEmpTC" time="13.619" errors="0" timestamp="2024-07-29T20:11:42 IST" skipped="1">
  <testcase classname="com.hashTagMIS.Test.AdminUC.A2Employee.AdEmpTC" name="adminLogin" time="6.462"/>
  <system-out/>
  <testcase classname="com.hashTagMIS.Test.AdminUC.A2Employee.AdEmpTC" name="adminLogin" time="7.157"/>
  <system-out/>
  <testcase classname="com.hashTagMIS.Test.AdminUC.A2Employee.AdEmpTC" name="DeleteAllStaff">
    <skipped/>
  </testcase> <!-- DeleteAllStaff -->
  <system-out/>
</testsuite> <!-- com.hashTagMIS.Test.AdminUC.A2Employee.AdEmpTC -->
