<?xml version="1.0" encoding="UTF-8"?>
<!-- Generated by org.testng.reporters.JUnitReportReporter -->
<testsuite hostname="DESKTOP-N42I4EB" failures="0" tests="3" name="com.hashTagMIS.Test.AdminUC.A2Employee.AdMultipleEmpTC" time="11.454" errors="0" timestamp="2024-08-16T17:24:17 IST" skipped="1">
  <testcase classname="com.hashTagMIS.Test.AdminUC.A2Employee.AdMultipleEmpTC" name="adminLoginTest" time="5.519"/>
  <system-out/>
  <testcase classname="com.hashTagMIS.Test.AdminUC.A2Employee.AdMultipleEmpTC" name="adminLoginTest" time="5.935"/>
  <system-out/>
  <testcase classname="com.hashTagMIS.Test.AdminUC.A2Employee.AdMultipleEmpTC" name="DeleteAllStaff">
    <skipped/>
  </testcase> <!-- DeleteAllStaff -->
  <system-out/>
</testsuite> <!-- com.hashTagMIS.Test.AdminUC.A2Employee.AdMultipleEmpTC -->
