<?xml version="1.0" encoding="UTF-8"?>
<!-- Generated by org.testng.reporters.JUnitReportReporter -->
<testsuite hostname="DESKTOP-N42I4EB" failures="0" tests="2" name="com.hashTagMIS.Test.AdminUC.A2Employee.AdEmpTC" time="6.686" errors="0" timestamp="2024-08-05T13:57:55 IST" skipped="1">
  <testcase classname="com.hashTagMIS.Test.AdminUC.A2Employee.AdEmpTC" name="adminLogin" time="6.686"/>
  <system-out/>
  <testcase classname="com.hashTagMIS.Test.AdminUC.A2Employee.AdEmpTC" name="DeleteAllStaff">
    <skipped/>
  </testcase> <!-- DeleteAllStaff -->
  <system-out/>
</testsuite> <!-- com.hashTagMIS.Test.AdminUC.A2Employee.AdEmpTC -->
