<?xml version="1.0" encoding="UTF-8"?>
<!-- Generated by org.testng.reporters.JUnitReportReporter -->
<testsuite hostname="DESKTOP-N42I4EB" failures="0" tests="34" name="com.hashTagMIS.Test.AdminUC.A3Task.AdAddTaskTC" time="61.345" errors="0" timestamp="2024-08-10T20:08:33 IST" skipped="0">
  <testcase classname="com.hashTagMIS.Test.AdminUC.A3Task.AdAddTaskTC" name="addTaskFromSheet" time="1.288"/>
  <system-out/>
  <testcase classname="com.hashTagMIS.Test.AdminUC.A3Task.AdAddTaskTC" name="addTaskFromSheet" time="1.228"/>
  <system-out/>
  <testcase classname="com.hashTagMIS.Test.AdminUC.A3Task.AdAddTaskTC" name="addTaskFromSheet" time="1.560"/>
  <system-out/>
  <testcase classname="com.hashTagMIS.Test.AdminUC.A3Task.AdAddTaskTC" name="addTaskFromSheet" time="1.188"/>
  <system-out/>
  <testcase classname="com.hashTagMIS.Test.AdminUC.A3Task.AdAddTaskTC" name="addTaskFromSheet" time="1.150"/>
  <system-out/>
  <testcase classname="com.hashTagMIS.Test.AdminUC.A3Task.AdAddTaskTC" name="addTaskFromSheet" time="1.103"/>
  <system-out/>
  <testcase classname="com.hashTagMIS.Test.AdminUC.A3Task.AdAddTaskTC" name="addTaskFromSheet" time="1.329"/>
  <system-out/>
  <testcase classname="com.hashTagMIS.Test.AdminUC.A3Task.AdAddTaskTC" name="addTaskFromSheet" time="1.284"/>
  <system-out/>
  <testcase classname="com.hashTagMIS.Test.AdminUC.A3Task.AdAddTaskTC" name="addTaskFromSheet" time="1.199"/>
  <system-out/>
  <testcase classname="com.hashTagMIS.Test.AdminUC.A3Task.AdAddTaskTC" name="addTaskFromSheet" time="1.328"/>
  <system-out/>
  <testcase classname="com.hashTagMIS.Test.AdminUC.A3Task.AdAddTaskTC" name="addTaskFromSheet" time="1.197"/>
  <system-out/>
  <testcase classname="com.hashTagMIS.Test.AdminUC.A3Task.AdAddTaskTC" name="addTaskFromSheet" time="1.154"/>
  <system-out/>
  <testcase classname="com.hashTagMIS.Test.AdminUC.A3Task.AdAddTaskTC" name="addTaskFromSheet" time="1.243"/>
  <system-out/>
  <testcase classname="com.hashTagMIS.Test.AdminUC.A3Task.AdAddTaskTC" name="addTaskFromSheet" time="1.090"/>
  <system-out/>
  <testcase classname="com.hashTagMIS.Test.AdminUC.A3Task.AdAddTaskTC" name="addTaskFromSheet" time="1.329"/>
  <system-out/>
  <testcase classname="com.hashTagMIS.Test.AdminUC.A3Task.AdAddTaskTC" name="addTaskFromSheet" time="1.299"/>
  <system-out/>
  <testcase classname="com.hashTagMIS.Test.AdminUC.A3Task.AdAddTaskTC" name="addTaskFromSheet" time="1.149"/>
  <system-out/>
  <testcase classname="com.hashTagMIS.Test.AdminUC.A3Task.AdAddTaskTC" name="addTaskFromSheet" time="1.224"/>
  <system-out/>
  <testcase classname="com.hashTagMIS.Test.AdminUC.A3Task.AdAddTaskTC" name="addTaskFromSheet" time="1.157"/>
  <system-out/>
  <testcase classname="com.hashTagMIS.Test.AdminUC.A3Task.AdAddTaskTC" name="addTaskFromSheet" time="1.138"/>
  <system-out/>
  <testcase classname="com.hashTagMIS.Test.AdminUC.A3Task.AdAddTaskTC" name="addTaskFromSheet" time="1.223"/>
  <system-out/>
  <testcase classname="com.hashTagMIS.Test.AdminUC.A3Task.AdAddTaskTC" name="addTaskFromSheet" time="1.204"/>
  <system-out/>
  <testcase classname="com.hashTagMIS.Test.AdminUC.A3Task.AdAddTaskTC" name="addTaskFromSheet" time="1.307"/>
  <system-out/>
  <testcase classname="com.hashTagMIS.Test.AdminUC.A3Task.AdAddTaskTC" name="addTaskFromSheet" time="1.278"/>
  <system-out/>
  <testcase classname="com.hashTagMIS.Test.AdminUC.A3Task.AdAddTaskTC" name="addTaskFromSheet" time="1.184"/>
  <system-out/>
  <testcase classname="com.hashTagMIS.Test.AdminUC.A3Task.AdAddTaskTC" name="addTaskFromSheet" time="1.188"/>
  <system-out/>
  <testcase classname="com.hashTagMIS.Test.AdminUC.A3Task.AdAddTaskTC" name="addTaskFromSheet" time="1.230"/>
  <system-out/>
  <testcase classname="com.hashTagMIS.Test.AdminUC.A3Task.AdAddTaskTC" name="addTaskFromSheet" time="1.306"/>
  <system-out/>
  <testcase classname="com.hashTagMIS.Test.AdminUC.A3Task.AdAddTaskTC" name="addTaskFromSheet" time="1.378"/>
  <system-out/>
  <testcase classname="com.hashTagMIS.Test.AdminUC.A3Task.AdAddTaskTC" name="addTaskFromSheet" time="1.213"/>
  <system-out/>
  <testcase classname="com.hashTagMIS.Test.AdminUC.A3Task.AdAddTaskTC" name="addTaskFromSheet" time="1.180"/>
  <system-out/>
  <testcase classname="com.hashTagMIS.Test.AdminUC.A3Task.AdAddTaskTC" name="addTaskFromSheet" time="1.231"/>
  <system-out/>
  <testcase classname="com.hashTagMIS.Test.AdminUC.A3Task.AdAddTaskTC" name="addTaskFromSheet" time="1.262"/>
  <system-out/>
  <testcase classname="com.hashTagMIS.Test.AdminUC.A3Task.AdAddTaskTC" name="verifyTaskFromSheet2" time="20.524"/>
  <system-out>
    <![CDATA[1] TFGeneral IRs Published<=>Specify Counts
1] TDGeneral IRs Published<=>Specify Counts
1] RFGeneral IRs Published<=>Specify Counts
2] TFMajor IRs Published<=>Specify Counts
2] TDMajor IRs Published<=>Specify Counts
2] RFMajor IRs Published<=>Specify Counts
3] TFSerious IRs Published<=>Specify Counts
3] TDSerious IRs Published<=>Specify Counts
3] RFSerious IRs Published<=>Specify Counts
4] TFIRs Processed<=>Specify Counts
4] TDIRs Processed<=>Specify Counts
4] RFIRs Processed<=>Specify Counts
5] TFInternal IRs<=>Specify Counts
5] TDInternal IRs<=>Specify Counts
5] RFInternal IRs<=>Specify Counts
6] TFInternal IR Updates<=>Specify Counts
6] TDInternal IR Updates<=>Specify Counts
6] RFInternal IR Updates<=>Specify Counts
7] TFIR Updates<=>Specify Counts
7] TDIR Updates<=>Specify Counts
7] RFIR Updates<=>Specify Counts
8] TFAdd Summary - Only For IRs performed by Others<=>Specify Counts
8] TDAdd Summary - Only For IRs performed by Others<=>Specify Counts
8] RFAdd Summary - Only For IRs performed by Others<=>Specify Counts
9] TFCRH Queries<=>Specify Counts
9] TDCRH Queries<=>Specify Counts
9] RFCRH Queries<=>Specify Counts
10] TFMove Request<=>Specify Counts
10] TDMove Request<=>Specify Counts
10] RFMove Request<=>Specify Counts
11] TFMaintenance Report<=>Specify Counts
11] TDMaintenance Report<=>Specify Counts
11] RFMaintenance Report<=>Specify Counts
12] TFEnd Of Day Summary - Excel Create<=>Type 1 for Done
12] TDEnd Of Day Summary - Excel Create<=>Type 1 for Done
12] RFEnd Of Day Summary - Excel Create<=>Type 1 for Done
13] TFEnd Of Day Summary - Categorize<=>Specify Counts
13] TDEnd Of Day Summary - Categorize<=>Specify Counts
13] RFEnd Of Day Summary - Categorize<=>Specify Counts
14] TFEnd of Day Summary with Updates<=>Specify Counts
14] TDEnd of Day Summary with Updates<=>Specify Counts
14] RFEnd of Day Summary with Updates<=>Specify Counts
15] TFGeneral Queries<=>Specify Counts
15] TDGeneral Queries<=>Specify Counts
15] RFGeneral Queries<=>Specify Counts
16] TFEmail Scanning<=>Specify No. Of Days
16] TDEmail Scanning<=>Specify No. Of Days
16] RFEmail Scanning<=>Specify No. Of Days
17] TFClosing Active IRs<=>Specify Counts
17] TDClosing Active IRs<=>Specify Counts
17] RFClosing Active IRs<=>Specify Counts
18] TFArchiving<=>Specify Counts
18] TDArchiving<=>Specify Counts
18] RFArchiving<=>Specify Counts
19] TFDatabase update<=>Specify Counts
19] TDDatabase update<=>Specify Counts
19] RFDatabase update<=>Specify Counts
20] TFCease of Movement<=>Specify Counts
20] TDCease of Movement<=>Specify Counts
20] RFCease of Movement<=>Specify Counts
21] TFWL Chase<=>Specify Counts
21] TDWL Chase<=>Specify Counts
21] RFWL Chase<=>Specify Counts
22] TFWeekly Or Monthly IR Count Report (Internal)<=>Type 1 for Done
22] TDWeekly Or Monthly IR Count Report (Internal)<=>Type 1 for Done
22] RFWeekly Or Monthly IR Count Report (Internal)<=>Type 1 for Done
23] TFWeekly IR Word<=>Specify No. Of Days
23] TDWeekly IR Word<=>Specify No. Of Days
23] RFWeekly IR Word<=>Specify No. Of Days
24] TFWeekly IR Excel<=>Specify No. Of Days
24] TDWeekly IR Excel<=>Specify No. Of Days
24] RFWeekly IR Excel<=>Specify No. Of Days
25] TFObservation Check<=>Specify Counts
25] TDObservation Check<=>Specify Counts
25] RFObservation Check<=>Specify Counts
26] TFFilling Action Taken<=>Specify Counts
26] TDFilling Action Taken<=>Specify Counts
26] RFFilling Action Taken<=>Specify Counts
27] TFCalls<=>Specify Counts
27] TDCalls<=>Specify Counts
27] RFCalls<=>Specify Counts
28] TFEmails<=>Specify Counts
28] TDEmails<=>Specify Counts
28] RFEmails<=>Specify Counts
29] TFMeeting<=>Specify Duration in Mins
29] TDMeeting<=>Specify Duration in Mins
29] RFMeeting<=>Specify Duration in Mins
30] TFMeeting Minutes<=>Type 1 for Done
30] TDMeeting Minutes<=>Type 1 for Done
30] RFMeeting Minutes<=>Type 1 for Done
31] TFHandover<=>Specify Counts
31] TDHandover<=>Specify Counts
31] RFHandover<=>Specify Counts
32] TFTraining<=>Specify Task
32] TDTraining<=>Specify Task
32] RFTraining<=>Specify Task
33] TFOther Tasks<=>Specify In Brief
33] TDOther Tasks<=>Specify In Brief
33] RFOther Tasks<=>Specify In Brief]]>
  </system-out>
</testsuite> <!-- com.hashTagMIS.Test.AdminUC.A3Task.AdAddTaskTC -->
