<?xml version="1.0" encoding="UTF-8"?>
<!-- Generated by org.testng.reporters.JUnitReportReporter -->
<testsuite hostname="DESKTOP-N42I4EB" failures="1" tests="19" name="com.hashTagMIS.Test.AdminUC.A3Task.Ad1AddTaskVerifyThemInAllPlacesTC" time="40.792" errors="0" timestamp="2024-08-16T17:41:45 IST" skipped="0">
  <testcase classname="com.hashTagMIS.Test.AdminUC.A3Task.Ad1AddTaskVerifyThemInAllPlacesTC" name="addTaskFromSheetTest" time="1.204"/>
  <system-out/>
  <testcase classname="com.hashTagMIS.Test.AdminUC.A3Task.Ad1AddTaskVerifyThemInAllPlacesTC" name="addTaskFromSheetTest" time="1.297"/>
  <system-out/>
  <testcase classname="com.hashTagMIS.Test.AdminUC.A3Task.Ad1AddTaskVerifyThemInAllPlacesTC" name="addTaskFromSheetTest" time="1.539"/>
  <system-out/>
  <testcase classname="com.hashTagMIS.Test.AdminUC.A3Task.Ad1AddTaskVerifyThemInAllPlacesTC" name="addTaskFromSheetTest" time="1.292"/>
  <system-out/>
  <testcase classname="com.hashTagMIS.Test.AdminUC.A3Task.Ad1AddTaskVerifyThemInAllPlacesTC" name="addTaskFromSheetTest" time="1.224"/>
  <system-out/>
  <testcase classname="com.hashTagMIS.Test.AdminUC.A3Task.Ad1AddTaskVerifyThemInAllPlacesTC" name="addTaskFromSheetTest" time="1.337"/>
  <system-out/>
  <testcase classname="com.hashTagMIS.Test.AdminUC.A3Task.Ad1AddTaskVerifyThemInAllPlacesTC" name="addTaskFromSheetTest" time="1.278"/>
  <system-out/>
  <testcase classname="com.hashTagMIS.Test.AdminUC.A3Task.Ad1AddTaskVerifyThemInAllPlacesTC" name="addTaskFromSheetTest" time="1.332"/>
  <system-out/>
  <testcase classname="com.hashTagMIS.Test.AdminUC.A3Task.Ad1AddTaskVerifyThemInAllPlacesTC" name="addTaskFromSheetTest" time="1.442"/>
  <system-out/>
  <testcase classname="com.hashTagMIS.Test.AdminUC.A3Task.Ad1AddTaskVerifyThemInAllPlacesTC" name="addTaskFromSheetTest" time="1.385"/>
  <system-out/>
  <testcase classname="com.hashTagMIS.Test.AdminUC.A3Task.Ad1AddTaskVerifyThemInAllPlacesTC" name="addTaskFromSheetTest" time="1.398"/>
  <system-out/>
  <testcase classname="com.hashTagMIS.Test.AdminUC.A3Task.Ad1AddTaskVerifyThemInAllPlacesTC" name="addTaskFromSheetTest" time="1.238"/>
  <system-out/>
  <testcase classname="com.hashTagMIS.Test.AdminUC.A3Task.Ad1AddTaskVerifyThemInAllPlacesTC" name="addTaskFromSheetTest" time="1.437"/>
  <system-out/>
  <testcase classname="com.hashTagMIS.Test.AdminUC.A3Task.Ad1AddTaskVerifyThemInAllPlacesTC" name="addTaskFromSheetTest" time="1.398"/>
  <system-out/>
  <testcase classname="com.hashTagMIS.Test.AdminUC.A3Task.Ad1AddTaskVerifyThemInAllPlacesTC" name="addTaskFromSheetTest" time="1.356"/>
  <system-out/>
  <testcase classname="com.hashTagMIS.Test.AdminUC.A3Task.Ad1AddTaskVerifyThemInAllPlacesTC" name="addTaskFromSheetTest" time="1.239"/>
  <system-out/>
  <testcase classname="com.hashTagMIS.Test.AdminUC.A3Task.Ad1AddTaskVerifyThemInAllPlacesTC" name="addTaskFromSheetTest" time="1.123"/>
  <system-out/>
  <testcase classname="com.hashTagMIS.Test.AdminUC.A3Task.Ad1AddTaskVerifyThemInAllPlacesTC" name="addTaskFromSheetTest" time="1.268"/>
  <system-out/>
  <testcase classname="com.hashTagMIS.Test.AdminUC.A3Task.Ad1AddTaskVerifyThemInAllPlacesTC" name="verifyTaskFromSheetTest" time="17.005">
    <failure message="The following asserts failed:
	Keys2 at SrNo. 2 are not equal! expected [Live System Monitoring] but found [Live System Monitoring],
	Keys2 at SrNo. 2 are not equal! expected [Live System Monitoring] but found [Live System Monitoring],
	Values1 at SrNo. 18 are not equal! expected [Specify In Brief] but found [Specify in Brief]" type="java.lang.AssertionError">
      <![CDATA[java.lang.AssertionError: The following asserts failed:
Keys2 at SrNo. 2 are not equal! expected [Live System Monitoring] but found [Live System Monitoring],
Keys2 at SrNo. 2 are not equal! expected [Live System Monitoring] but found [Live System Monitoring],
Values1 at SrNo. 18 are not equal! expected [Specify In Brief] but found [Specify in Brief]
at org.testng.asserts.SoftAssert.assertAll(SoftAssert.java:47)
at org.testng.asserts.SoftAssert.assertAll(SoftAssert.java:31)
at com.hashTagMIS.Test.AdminUC.A3Task.Ad1AddTaskVerifyThemInAllPlacesTC.verifyTaskFromSheetTest(Ad1AddTaskVerifyThemInAllPlacesTC.java:175)
at java.base/jdk.internal.reflect.DirectMethodHandleAccessor.invoke(DirectMethodHandleAccessor.java:103)
at java.base/java.lang.reflect.Method.invoke(Method.java:580)
at org.testng.internal.MethodInvocationHelper.invokeMethod(MethodInvocationHelper.java:133)
at org.testng.internal.TestInvoker.invokeMethod(TestInvoker.java:598)
at org.testng.internal.TestInvoker.invokeTestMethod(TestInvoker.java:173)
at org.testng.internal.MethodRunner.runInSequence(MethodRunner.java:46)
at org.testng.internal.TestInvoker$MethodInvocationAgent.invoke(TestInvoker.java:824)
at org.testng.internal.TestInvoker.invokeTestMethods(TestInvoker.java:146)
at org.testng.internal.TestMethodWorker.invokeTestMethods(TestMethodWorker.java:146)
at org.testng.internal.TestMethodWorker.run(TestMethodWorker.java:128)
at java.base/java.util.ArrayList.forEach(ArrayList.java:1596)
at org.testng.TestRunner.privateRun(TestRunner.java:794)
at org.testng.TestRunner.run(TestRunner.java:596)
at org.testng.SuiteRunner.runTest(SuiteRunner.java:377)
at org.testng.SuiteRunner.runSequentially(SuiteRunner.java:371)
at org.testng.SuiteRunner.privateRun(SuiteRunner.java:332)
at org.testng.SuiteRunner.run(SuiteRunner.java:276)
at org.testng.SuiteRunnerWorker.runSuite(SuiteRunnerWorker.java:53)
at org.testng.SuiteRunnerWorker.run(SuiteRunnerWorker.java:96)
at org.testng.TestNG.runSuitesSequentially(TestNG.java:1212)
at org.testng.TestNG.runSuitesLocally(TestNG.java:1134)
at org.testng.TestNG.runSuites(TestNG.java:1063)
at org.testng.TestNG.run(TestNG.java:1031)
at org.testng.remote.AbstractRemoteTestNG.run(AbstractRemoteTestNG.java:115)
at org.testng.remote.RemoteTestNG.initAndRun(RemoteTestNG.java:293)
at org.testng.remote.RemoteTestNG.main(RemoteTestNG.java:91)
]]>
    </failure>
  </testcase> <!-- verifyTaskFromSheetTest -->
  <system-out>
    <![CDATA[1] Excel        Staff Clock-in Monitoring<=>Type 1 for Done
1] TaskForm     Staff Clock-in Monitoring<=>Type 1 for Done
1] TaskDashboardStaff Clock-in Monitoring<=>Type 1 for Done
2] Excel        Live System Monitoring<=>Type 1 for Done
2] TaskForm     Live System Monitoring<=>Type 1 for Done
2] TaskDashboardLive System Monitoring<=>Type 1 for Done
3] Excel        Software Install Or Uninstall and Configuration Per System<=>Specify Counts
3] TaskForm     Software Install Or Uninstall and Configuration Per System<=>Specify Counts
3] TaskDashboardSoftware Install Or Uninstall and Configuration Per System<=>Specify Counts
4] Excel        System Troubleshooting - Minor<=>Specify Counts
4] TaskForm     System Troubleshooting - Minor<=>Specify Counts
4] TaskDashboardSystem Troubleshooting - Minor<=>Specify Counts
5] Excel        System Troubleshooting - Major<=>Specify Counts
5] TaskForm     System Troubleshooting - Major<=>Specify Counts
5] TaskDashboardSystem Troubleshooting - Major<=>Specify Counts
6] Excel        Network - Troubleshooting - Minor<=>Specify Counts
6] TaskForm     Network - Troubleshooting - Minor<=>Specify Counts
6] TaskDashboardNetwork - Troubleshooting - Minor<=>Specify Counts
7] Excel        Network - Troubleshooting - Major<=>Specify Counts
7] TaskForm     Network - Troubleshooting - Major<=>Specify Counts
7] TaskDashboardNetwork - Troubleshooting - Major<=>Specify Counts
8] Excel        System Format<=>Specify Counts
8] TaskForm     System Format<=>Specify Counts
8] TaskDashboardSystem Format<=>Specify Counts
9] Excel        Activate MS Office Or Other Application<=>Specify Counts
9] TaskForm     Activate MS Office Or Other Application<=>Specify Counts
9] TaskDashboardActivate MS Office Or Other Application<=>Specify Counts
10] Excel        Resolving Hardware Issues<=>Specify Counts
10] TaskForm     Resolving Hardware Issues<=>Specify Counts
10] TaskDashboardResolving Hardware Issues<=>Specify Counts
11] Excel        Vendor Coordination for Purchase or Service<=>Specify Counts
11] TaskForm     Vendor Coordination for Purchase or Service<=>Specify Counts
11] TaskDashboardVendor Coordination for Purchase or Service<=>Specify Counts
12] Excel        Files Back Up - Per System<=>Specify Counts
12] TaskForm     Files Back Up - Per System<=>Specify Counts
12] TaskDashboardFiles Back Up - Per System<=>Specify Counts
13] Excel        Relocating Or Swapping Or Connecting PC<=>Specify Counts
13] TaskForm     Relocating Or Swapping Or Connecting PC<=>Specify Counts
13] TaskDashboardRelocating Or Swapping Or Connecting PC<=>Specify Counts
14] Excel        Meeting Recording - Back Up in Hard Drive<=>Specify Counts
14] TaskForm     Meeting Recording - Back Up in Hard Drive<=>Specify Counts
14] TaskDashboardMeeting Recording - Back Up in Hard Drive<=>Specify Counts
15] Excel        Assisting in Interview Test<=>Specify Counts
15] TaskForm     Assisting in Interview Test<=>Specify Counts
15] TaskDashboardAssisting in Interview Test<=>Specify Counts
16] Excel        Calls<=>Specify Counts and Purpose
16] TaskForm     Calls<=>Specify Counts and Purpose
16] TaskDashboardCalls<=>Specify Counts and Purpose
17] Excel        Meeting<=>Specify Duration in Mins and Purpose
17] TaskForm     Meeting<=>Specify Duration in Mins and Purpose
17] TaskDashboardMeeting<=>Specify Duration in Mins and Purpose
18] Excel        Other Tasks<=>Specify in Brief
18] TaskForm     Other Tasks<=>Specify In Brief
18] TaskDashboardOther Tasks<=>Specify In Brief]]>
  </system-out>
</testsuite> <!-- com.hashTagMIS.Test.AdminUC.A3Task.Ad1AddTaskVerifyThemInAllPlacesTC -->
