<?xml version="1.0" encoding="UTF-8"?>
<!-- Generated by org.testng.reporters.JUnitReportReporter -->
<testsuite hostname="DESKTOP-N42I4EB" failures="0" tests="2" name="com.hashTagMIS.Test.Admin.A1Department.Ad2DepartmentMultiTC" time="23.483" errors="0" timestamp="2024-07-19T14:50:45 IST" skipped="1">
  <testcase classname="com.hashTagMIS.Test.Admin.A1Department.Ad2DepartmentMultiTC" name="VerifyAllDepInAllDropdown" time="23.483"/>
  <system-out>
    <![CDATA[[3D Design, Accounts, Care Support, Carpenter, Data Analyst, Developer, Digital Marketing, E-Commerce, Graphics design, IT, Incident, Info, Maintenance]
[3D Design, Accounts, Care Support, Carpenter, Data Analyst, Developer, Digital Marketing, E-Commerce, Graphics design, IT, Incident, Info, Maintenance]
[3D Design, Accounts, Care Support, Carpenter, Data Analyst, Developer, Digital Marketing, E-Commerce, Graphics design, IT, Incident, Info, Maintenance]
[3D Design, Accounts, Care Support, Carpenter, Data Analyst, Developer, Digital Marketing, E-Commerce, Graphics design, IT, Incident, Info, Maintenance]
[3D Design, Accounts, Care Support, Carpenter, Data Analyst, Developer, Digital Marketing, E-Commerce, Graphics design, IT, Incident, Info, Maintenance]]]>
  </system-out>
  <testcase classname="com.hashTagMIS.Test.Admin.A1Department.Ad2DepartmentMultiTC" name="AddDepartmentMulti">
    <skipped/>
  </testcase> <!-- AddDepartmentMulti -->
  <system-out/>
</testsuite> <!-- com.hashTagMIS.Test.Admin.A1Department.Ad2DepartmentMultiTC -->
