<?xml version="1.0" encoding="UTF-8"?>
<!-- Generated by org.testng.reporters.JUnitReportReporter -->
<testsuite hostname="DESKTOP-N42I4EB" failures="0" tests="2" name="com.hashTagMIS.Test.Flow.CheckUncheckFlow.F1AdCheckTC" time="95.339" errors="0" timestamp="2024-08-16T20:03:33 IST" skipped="1">
  <testcase classname="com.hashTagMIS.Test.Flow.CheckUncheckFlow.F1AdCheckTC" name="Flow2AdminCheckAfterFormSubmitAndSubAdminCheckTest" time="95.339"/>
  <system-out>
    <![CDATA[OTP has been sent successfully<===>OTP has been sent successfully
35Checked by: DEVELOPERS = Checked by: DEVELOPERS
4Checked by: DEVELOPERS = Checked by: DEVELOPERS
OTP has been sent successfully<===>OTP has been sent successfully
35Unchecked by : DEVELOPERS = Unchecked by : DEVELOPERS
4Unchecked by : DEVELOPERS = Unchecked by : DEVELOPERS
<=======================================>]]>
  </system-out>
  <testcase classname="com.hashTagMIS.Test.Flow.CheckUncheckFlow.F1AdCheckTC" name="Flow1SubadminCheckAfterFormSubmitAndAdminUncheckTest">
    <skipped/>
  </testcase> <!-- Flow1SubadminCheckAfterFormSubmitAndAdminUncheckTest -->
  <system-out/>
</testsuite> <!-- com.hashTagMIS.Test.Flow.CheckUncheckFlow.F1AdCheckTC -->
