<?xml version="1.0" encoding="UTF-8"?>
<!-- Generated by org.testng.reporters.JUnitReportReporter -->
<testsuite hostname="DESKTOP-N42I4EB" failures="0" tests="2" name="com.hashTagMIS.Test.AdminUC.A3Task.AdVerifyAlreadyAddedTaskTC" time="10.435" errors="0" timestamp="2024-07-23T13:08:20 IST" skipped="1">
  <testcase classname="com.hashTagMIS.Test.AdminUC.A3Task.AdVerifyAlreadyAddedTaskTC" name="ViewDragDropTask" time="10.435"/>
  <system-out>
    <![CDATA[1] TDIRs Processed<=>number
1] RFIRs Processed<=>number
2] TDInternal Irs<=>number
2] RFInternal Irs<=>number
3] TDMajor IRs Published<=>number
3] RFMajor IRs Published<=>number
4] TDIR Updates<=>number
4] RFIR Updates<=>number
5] TDAdd Summary - Only For IRs performed by Others<=>number
5] RFAdd Summary - Only For IRs performed by Others<=>number
6] TDCRH Queries<=>number
6] RFCRH Queries<=>number
7] TDGeneral IRs Published<=>number
7] RFGeneral IRs Published<=>number
8] TDSerious IRs Published<=>number
8] RFSerious IRs Published<=>number
9] TDMove Request<=>number
9] RFMove Request<=>number
10] TDMaintenance Report<=>number
10] RFMaintenance Report<=>number
11] TDTotal Incidents Report<=>number
11] RFTotal Incidents Report<=>number
12] TDMajor Updates<=>number
12] RFMajor Updates<=>number
13] TDGeneral Queries<=>number
13] RFGeneral Queries<=>number
14] TDEmail Scanning<=>number
14] RFEmail Scanning<=>number
15] TDClosing Active Irs<=>number
15] RFClosing Active Irs<=>number
16] TDArchiving<=>number
16] RFArchiving<=>number
17] TDDatabase update<=>number
17] RFDatabase update<=>number
18] TDWeekly Top IRs (Abdul's Task)<=>number
18] RFWeekly Top IRs (Abdul's Task)<=>number
19] TDCease of Movement<=>number
19] RFCease of Movement<=>number
20] TDWL Chase<=>number
20] RFWL Chase<=>number
21] TDWeekly Or Monthly IR Count Report (Internal)<=>number
21] RFWeekly Or Monthly IR Count Report (Internal)<=>number
22] TDWeekly IR Word<=>number
22] RFWeekly IR Word<=>number
23] TDWeekly Top Food IRs<=>number
23] RFWeekly Top Food IRs<=>number
24] TDLaundry Logs<=>number
24] RFLaundry Logs<=>number
25] TDObservation Check<=>number
25] RFObservation Check<=>number
26] TDCalls<=>number
26] RFCalls<=>number
27] TDTraining<=>textarea
27] RFTraining<=>textarea
28] TDEmails<=>number
28] RFEmails<=>number
29] TDMeeting<=>number
29] RFMeeting<=>number
30] TDMeeting Minutes<=>number
30] RFMeeting Minutes<=>number
31] TDHandover<=>number
31] RFHandover<=>number
32] TDOther Tasks<=>textarea
32] RFOther Tasks<=>textarea
33] TDWeekly IR Excel<=>number
33] RFWeekly IR Excel<=>number]]>
  </system-out>
  <testcase classname="com.hashTagMIS.Test.AdminUC.A3Task.AdVerifyAlreadyAddedTaskTC" name="addTaskFromSheet">
    <skipped/>
  </testcase> <!-- addTaskFromSheet -->
  <system-out/>
</testsuite> <!-- com.hashTagMIS.Test.AdminUC.A3Task.AdVerifyAlreadyAddedTaskTC -->
