<?xml version="1.0" encoding="UTF-8"?>
<!-- Generated by org.testng.reporters.JUnitReportReporter -->
<testsuite hostname="DESKTOP-N42I4EB" failures="0" tests="22" name="com.hashTagMIS.Test.AdminUC.A1Department.Ad2AddMultiDeptandVerifytheirPresenceTC" time="176.099" errors="0" timestamp="2024-08-10T13:40:21 IST" skipped="1">
  <testcase classname="com.hashTagMIS.Test.AdminUC.A1Department.Ad2AddMultiDeptandVerifytheirPresenceTC" name="testAddDepartmentMulti" time="6.598"/>
  <system-out>
    <![CDATA[Department added successfully!<====>Department added successfully!]]>
  </system-out>
  <testcase classname="com.hashTagMIS.Test.AdminUC.A1Department.Ad2AddMultiDeptandVerifytheirPresenceTC" name="testAddDepartmentMulti" time="9.708"/>
  <system-out>
    <![CDATA[Department added successfully!<====>Department added successfully!]]>
  </system-out>
  <testcase classname="com.hashTagMIS.Test.AdminUC.A1Department.Ad2AddMultiDeptandVerifytheirPresenceTC" name="testAddDepartmentMulti" time="6.670"/>
  <system-out>
    <![CDATA[Department added successfully!<====>Department added successfully!]]>
  </system-out>
  <testcase classname="com.hashTagMIS.Test.AdminUC.A1Department.Ad2AddMultiDeptandVerifytheirPresenceTC" name="testAddDepartmentMulti" time="6.494"/>
  <system-out>
    <![CDATA[Department added successfully!<====>Department added successfully!]]>
  </system-out>
  <testcase classname="com.hashTagMIS.Test.AdminUC.A1Department.Ad2AddMultiDeptandVerifytheirPresenceTC" name="testAddDepartmentMulti" time="6.596"/>
  <system-out>
    <![CDATA[Department added successfully!<====>Department added successfully!]]>
  </system-out>
  <testcase classname="com.hashTagMIS.Test.AdminUC.A1Department.Ad2AddMultiDeptandVerifytheirPresenceTC" name="testAddDepartmentMulti" time="9.684"/>
  <system-out>
    <![CDATA[Department added successfully!<====>Department added successfully!]]>
  </system-out>
  <testcase classname="com.hashTagMIS.Test.AdminUC.A1Department.Ad2AddMultiDeptandVerifytheirPresenceTC" name="testAddDepartmentMulti" time="6.436"/>
  <system-out>
    <![CDATA[Department added successfully!<====>Department added successfully!]]>
  </system-out>
  <testcase classname="com.hashTagMIS.Test.AdminUC.A1Department.Ad2AddMultiDeptandVerifytheirPresenceTC" name="testAddDepartmentMulti" time="9.908"/>
  <system-out>
    <![CDATA[Department added successfully!<====>Department added successfully!]]>
  </system-out>
  <testcase classname="com.hashTagMIS.Test.AdminUC.A1Department.Ad2AddMultiDeptandVerifytheirPresenceTC" name="testAddDepartmentMulti" time="9.796"/>
  <system-out>
    <![CDATA[Department added successfully!<====>Department added successfully!]]>
  </system-out>
  <testcase classname="com.hashTagMIS.Test.AdminUC.A1Department.Ad2AddMultiDeptandVerifytheirPresenceTC" name="testAddDepartmentMulti" time="9.761"/>
  <system-out>
    <![CDATA[Department added successfully!<====>Department added successfully!]]>
  </system-out>
  <testcase classname="com.hashTagMIS.Test.AdminUC.A1Department.Ad2AddMultiDeptandVerifytheirPresenceTC" name="testAddDepartmentMulti" time="9.826"/>
  <system-out>
    <![CDATA[Department added successfully!<====>Department added successfully!]]>
  </system-out>
  <testcase classname="com.hashTagMIS.Test.AdminUC.A1Department.Ad2AddMultiDeptandVerifytheirPresenceTC" name="testAddDepartmentMulti" time="6.591"/>
  <system-out>
    <![CDATA[Department added successfully!<====>Department added successfully!]]>
  </system-out>
  <testcase classname="com.hashTagMIS.Test.AdminUC.A1Department.Ad2AddMultiDeptandVerifytheirPresenceTC" name="testAddDepartmentMulti" time="9.636"/>
  <system-out>
    <![CDATA[Department added successfully!<====>Department added successfully!]]>
  </system-out>
  <testcase classname="com.hashTagMIS.Test.AdminUC.A1Department.Ad2AddMultiDeptandVerifytheirPresenceTC" name="testAddDepartmentMulti" time="13.032"/>
  <system-out>
    <![CDATA[Department added successfully!<====>Department added successfully!]]>
  </system-out>
  <testcase classname="com.hashTagMIS.Test.AdminUC.A1Department.Ad2AddMultiDeptandVerifytheirPresenceTC" name="testAddDepartmentMulti" time="9.849"/>
  <system-out>
    <![CDATA[Department added successfully!<====>Department added successfully!]]>
  </system-out>
  <testcase classname="com.hashTagMIS.Test.AdminUC.A1Department.Ad2AddMultiDeptandVerifytheirPresenceTC" name="testAddDepartmentMulti" time="6.493"/>
  <system-out>
    <![CDATA[Department added successfully!<====>Department added successfully!]]>
  </system-out>
  <testcase classname="com.hashTagMIS.Test.AdminUC.A1Department.Ad2AddMultiDeptandVerifytheirPresenceTC" name="testAddDepartmentMulti" time="6.503"/>
  <system-out>
    <![CDATA[Department added successfully!<====>Department added successfully!]]>
  </system-out>
  <testcase classname="com.hashTagMIS.Test.AdminUC.A1Department.Ad2AddMultiDeptandVerifytheirPresenceTC" name="testAddDepartmentMulti" time="6.495"/>
  <system-out>
    <![CDATA[Department added successfully!<====>Department added successfully!]]>
  </system-out>
  <testcase classname="com.hashTagMIS.Test.AdminUC.A1Department.Ad2AddMultiDeptandVerifytheirPresenceTC" name="testAddDepartmentMulti" time="9.828"/>
  <system-out>
    <![CDATA[Department added successfully!<====>Department added successfully!]]>
  </system-out>
  <testcase classname="com.hashTagMIS.Test.AdminUC.A1Department.Ad2AddMultiDeptandVerifytheirPresenceTC" name="testAddDepartmentMulti" time="6.458"/>
  <system-out>
    <![CDATA[Department added successfully!<====>Department added successfully!]]>
  </system-out>
  <testcase classname="com.hashTagMIS.Test.AdminUC.A1Department.Ad2AddMultiDeptandVerifytheirPresenceTC" name="testAddDepartmentMulti" time="9.737"/>
  <system-out>
    <![CDATA[Department added successfully!<====>Department added successfully!]]>
  </system-out>
  <testcase classname="com.hashTagMIS.Test.AdminUC.A1Department.Ad2AddMultiDeptandVerifytheirPresenceTC" name="testVerifyAllDepInAllDropdown">
    <skipped/>
  </testcase> <!-- testVerifyAllDepInAllDropdown -->
  <system-out/>
</testsuite> <!-- com.hashTagMIS.Test.AdminUC.A1Department.Ad2AddMultiDeptandVerifytheirPresenceTC -->
