<?xml version="1.0" encoding="UTF-8"?>
<!-- Generated by org.testng.reporters.JUnitReportReporter -->
<testsuite hostname="DESKTOP-N42I4EB" failures="0" tests="2" name="com.hashTagMIS.Test.Flow.CheckUncheckFlow.F1AdCheckTC" time="154.367" errors="0" timestamp="2024-08-23T16:39:12 IST" skipped="1">
  <testcase classname="com.hashTagMIS.Test.Flow.CheckUncheckFlow.F1AdCheckTC" name="Flow2AdminCheckAfterFormSubmitAndSubAdminCheckTest" time="154.367"/>
  <system-out>
    <![CDATA[OTP has been sent successfully<===>OTP has been sent successfully
55Checked by: DEVELOPERS = Checked by: DEVELOPERS
58Checked by: DEVELOPERS = Checked by: DEVELOPERS
OTP has been sent successfully<===>OTP has been sent successfully
63Unchecked by : DEVELOPERS = Unchecked by : DEVELOPERS
66Unchecked by : DEVELOPERS = Unchecked by : DEVELOPERS
<=======================================>]]>
  </system-out>
  <testcase classname="com.hashTagMIS.Test.Flow.CheckUncheckFlow.F1AdCheckTC" name="Flow1SubadminCheckAfterFormSubmitAndAdminUncheckTest">
    <skipped/>
  </testcase> <!-- Flow1SubadminCheckAfterFormSubmitAndAdminUncheckTest -->
  <system-out/>
</testsuite> <!-- com.hashTagMIS.Test.Flow.CheckUncheckFlow.F1AdCheckTC -->
