<?xml version="1.0" encoding="UTF-8"?>
<!-- Generated by org.testng.reporters.JUnitReportReporter -->
<testsuite hostname="DESKTOP-N42I4EB" failures="0" tests="73" name="com.hashTagMIS.Test.AdminUC.A3Task.AdAddTaskTC" time="103.542" errors="0" timestamp="2024-07-30T14:36:06 IST" skipped="1">
  <testcase classname="com.hashTagMIS.Test.AdminUC.A3Task.AdAddTaskTC" name="addTaskFromSheet" time="1.450"/>
  <system-out/>
  <testcase classname="com.hashTagMIS.Test.AdminUC.A3Task.AdAddTaskTC" name="addTaskFromSheet" time="1.361"/>
  <system-out/>
  <testcase classname="com.hashTagMIS.Test.AdminUC.A3Task.AdAddTaskTC" name="addTaskFromSheet" time="1.584"/>
  <system-out/>
  <testcase classname="com.hashTagMIS.Test.AdminUC.A3Task.AdAddTaskTC" name="addTaskFromSheet" time="1.482"/>
  <system-out/>
  <testcase classname="com.hashTagMIS.Test.AdminUC.A3Task.AdAddTaskTC" name="addTaskFromSheet" time="1.301"/>
  <system-out/>
  <testcase classname="com.hashTagMIS.Test.AdminUC.A3Task.AdAddTaskTC" name="addTaskFromSheet" time="1.361"/>
  <system-out/>
  <testcase classname="com.hashTagMIS.Test.AdminUC.A3Task.AdAddTaskTC" name="addTaskFromSheet" time="1.459"/>
  <system-out/>
  <testcase classname="com.hashTagMIS.Test.AdminUC.A3Task.AdAddTaskTC" name="addTaskFromSheet" time="1.455"/>
  <system-out/>
  <testcase classname="com.hashTagMIS.Test.AdminUC.A3Task.AdAddTaskTC" name="addTaskFromSheet" time="1.509"/>
  <system-out/>
  <testcase classname="com.hashTagMIS.Test.AdminUC.A3Task.AdAddTaskTC" name="addTaskFromSheet" time="1.441"/>
  <system-out/>
  <testcase classname="com.hashTagMIS.Test.AdminUC.A3Task.AdAddTaskTC" name="addTaskFromSheet" time="1.392"/>
  <system-out/>
  <testcase classname="com.hashTagMIS.Test.AdminUC.A3Task.AdAddTaskTC" name="addTaskFromSheet" time="1.407"/>
  <system-out/>
  <testcase classname="com.hashTagMIS.Test.AdminUC.A3Task.AdAddTaskTC" name="addTaskFromSheet" time="1.452"/>
  <system-out/>
  <testcase classname="com.hashTagMIS.Test.AdminUC.A3Task.AdAddTaskTC" name="addTaskFromSheet" time="1.422"/>
  <system-out/>
  <testcase classname="com.hashTagMIS.Test.AdminUC.A3Task.AdAddTaskTC" name="addTaskFromSheet" time="1.326"/>
  <system-out/>
  <testcase classname="com.hashTagMIS.Test.AdminUC.A3Task.AdAddTaskTC" name="addTaskFromSheet" time="1.431"/>
  <system-out/>
  <testcase classname="com.hashTagMIS.Test.AdminUC.A3Task.AdAddTaskTC" name="addTaskFromSheet" time="1.504"/>
  <system-out/>
  <testcase classname="com.hashTagMIS.Test.AdminUC.A3Task.AdAddTaskTC" name="addTaskFromSheet" time="1.440"/>
  <system-out/>
  <testcase classname="com.hashTagMIS.Test.AdminUC.A3Task.AdAddTaskTC" name="addTaskFromSheet" time="1.413"/>
  <system-out/>
  <testcase classname="com.hashTagMIS.Test.AdminUC.A3Task.AdAddTaskTC" name="addTaskFromSheet" time="1.466"/>
  <system-out/>
  <testcase classname="com.hashTagMIS.Test.AdminUC.A3Task.AdAddTaskTC" name="addTaskFromSheet" time="1.508"/>
  <system-out/>
  <testcase classname="com.hashTagMIS.Test.AdminUC.A3Task.AdAddTaskTC" name="addTaskFromSheet" time="1.410"/>
  <system-out/>
  <testcase classname="com.hashTagMIS.Test.AdminUC.A3Task.AdAddTaskTC" name="addTaskFromSheet" time="1.402"/>
  <system-out/>
  <testcase classname="com.hashTagMIS.Test.AdminUC.A3Task.AdAddTaskTC" name="addTaskFromSheet" time="1.410"/>
  <system-out/>
  <testcase classname="com.hashTagMIS.Test.AdminUC.A3Task.AdAddTaskTC" name="addTaskFromSheet" time="1.501"/>
  <system-out/>
  <testcase classname="com.hashTagMIS.Test.AdminUC.A3Task.AdAddTaskTC" name="addTaskFromSheet" time="1.480"/>
  <system-out/>
  <testcase classname="com.hashTagMIS.Test.AdminUC.A3Task.AdAddTaskTC" name="addTaskFromSheet" time="1.407"/>
  <system-out/>
  <testcase classname="com.hashTagMIS.Test.AdminUC.A3Task.AdAddTaskTC" name="addTaskFromSheet" time="1.473"/>
  <system-out/>
  <testcase classname="com.hashTagMIS.Test.AdminUC.A3Task.AdAddTaskTC" name="addTaskFromSheet" time="1.480"/>
  <system-out/>
  <testcase classname="com.hashTagMIS.Test.AdminUC.A3Task.AdAddTaskTC" name="addTaskFromSheet" time="1.507"/>
  <system-out/>
  <testcase classname="com.hashTagMIS.Test.AdminUC.A3Task.AdAddTaskTC" name="addTaskFromSheet" time="1.336"/>
  <system-out/>
  <testcase classname="com.hashTagMIS.Test.AdminUC.A3Task.AdAddTaskTC" name="addTaskFromSheet" time="1.429"/>
  <system-out/>
  <testcase classname="com.hashTagMIS.Test.AdminUC.A3Task.AdAddTaskTC" name="addTaskFromSheet" time="1.376"/>
  <system-out/>
  <testcase classname="com.hashTagMIS.Test.AdminUC.A3Task.AdAddTaskTC" name="addTaskFromSheet" time="1.499"/>
  <system-out/>
  <testcase classname="com.hashTagMIS.Test.AdminUC.A3Task.AdAddTaskTC" name="addTaskFromSheet" time="1.483"/>
  <system-out/>
  <testcase classname="com.hashTagMIS.Test.AdminUC.A3Task.AdAddTaskTC" name="addTaskFromSheet" time="1.536"/>
  <system-out/>
  <testcase classname="com.hashTagMIS.Test.AdminUC.A3Task.AdAddTaskTC" name="addTaskFromSheet" time="1.401"/>
  <system-out/>
  <testcase classname="com.hashTagMIS.Test.AdminUC.A3Task.AdAddTaskTC" name="addTaskFromSheet" time="1.391"/>
  <system-out/>
  <testcase classname="com.hashTagMIS.Test.AdminUC.A3Task.AdAddTaskTC" name="addTaskFromSheet" time="1.417"/>
  <system-out/>
  <testcase classname="com.hashTagMIS.Test.AdminUC.A3Task.AdAddTaskTC" name="addTaskFromSheet" time="1.439"/>
  <system-out/>
  <testcase classname="com.hashTagMIS.Test.AdminUC.A3Task.AdAddTaskTC" name="addTaskFromSheet" time="1.433"/>
  <system-out/>
  <testcase classname="com.hashTagMIS.Test.AdminUC.A3Task.AdAddTaskTC" name="addTaskFromSheet" time="1.450"/>
  <system-out/>
  <testcase classname="com.hashTagMIS.Test.AdminUC.A3Task.AdAddTaskTC" name="addTaskFromSheet" time="1.519"/>
  <system-out/>
  <testcase classname="com.hashTagMIS.Test.AdminUC.A3Task.AdAddTaskTC" name="addTaskFromSheet" time="1.473"/>
  <system-out/>
  <testcase classname="com.hashTagMIS.Test.AdminUC.A3Task.AdAddTaskTC" name="addTaskFromSheet" time="1.551"/>
  <system-out/>
  <testcase classname="com.hashTagMIS.Test.AdminUC.A3Task.AdAddTaskTC" name="addTaskFromSheet" time="1.402"/>
  <system-out/>
  <testcase classname="com.hashTagMIS.Test.AdminUC.A3Task.AdAddTaskTC" name="addTaskFromSheet" time="1.309"/>
  <system-out/>
  <testcase classname="com.hashTagMIS.Test.AdminUC.A3Task.AdAddTaskTC" name="addTaskFromSheet" time="1.454"/>
  <system-out/>
  <testcase classname="com.hashTagMIS.Test.AdminUC.A3Task.AdAddTaskTC" name="addTaskFromSheet" time="1.375"/>
  <system-out/>
  <testcase classname="com.hashTagMIS.Test.AdminUC.A3Task.AdAddTaskTC" name="addTaskFromSheet" time="1.410"/>
  <system-out/>
  <testcase classname="com.hashTagMIS.Test.AdminUC.A3Task.AdAddTaskTC" name="addTaskFromSheet" time="1.476"/>
  <system-out/>
  <testcase classname="com.hashTagMIS.Test.AdminUC.A3Task.AdAddTaskTC" name="addTaskFromSheet" time="1.424"/>
  <system-out/>
  <testcase classname="com.hashTagMIS.Test.AdminUC.A3Task.AdAddTaskTC" name="addTaskFromSheet" time="1.461"/>
  <system-out/>
  <testcase classname="com.hashTagMIS.Test.AdminUC.A3Task.AdAddTaskTC" name="addTaskFromSheet" time="1.393"/>
  <system-out/>
  <testcase classname="com.hashTagMIS.Test.AdminUC.A3Task.AdAddTaskTC" name="addTaskFromSheet" time="1.343"/>
  <system-out/>
  <testcase classname="com.hashTagMIS.Test.AdminUC.A3Task.AdAddTaskTC" name="addTaskFromSheet" time="1.338"/>
  <system-out/>
  <testcase classname="com.hashTagMIS.Test.AdminUC.A3Task.AdAddTaskTC" name="addTaskFromSheet" time="1.403"/>
  <system-out/>
  <testcase classname="com.hashTagMIS.Test.AdminUC.A3Task.AdAddTaskTC" name="addTaskFromSheet" time="1.439"/>
  <system-out/>
  <testcase classname="com.hashTagMIS.Test.AdminUC.A3Task.AdAddTaskTC" name="addTaskFromSheet" time="1.465"/>
  <system-out/>
  <testcase classname="com.hashTagMIS.Test.AdminUC.A3Task.AdAddTaskTC" name="addTaskFromSheet" time="1.337"/>
  <system-out/>
  <testcase classname="com.hashTagMIS.Test.AdminUC.A3Task.AdAddTaskTC" name="addTaskFromSheet" time="1.411"/>
  <system-out/>
  <testcase classname="com.hashTagMIS.Test.AdminUC.A3Task.AdAddTaskTC" name="addTaskFromSheet" time="1.440"/>
  <system-out/>
  <testcase classname="com.hashTagMIS.Test.AdminUC.A3Task.AdAddTaskTC" name="addTaskFromSheet" time="1.417"/>
  <system-out/>
  <testcase classname="com.hashTagMIS.Test.AdminUC.A3Task.AdAddTaskTC" name="addTaskFromSheet" time="1.482"/>
  <system-out/>
  <testcase classname="com.hashTagMIS.Test.AdminUC.A3Task.AdAddTaskTC" name="addTaskFromSheet" time="1.518"/>
  <system-out/>
  <testcase classname="com.hashTagMIS.Test.AdminUC.A3Task.AdAddTaskTC" name="addTaskFromSheet" time="1.565"/>
  <system-out/>
  <testcase classname="com.hashTagMIS.Test.AdminUC.A3Task.AdAddTaskTC" name="addTaskFromSheet" time="1.392"/>
  <system-out/>
  <testcase classname="com.hashTagMIS.Test.AdminUC.A3Task.AdAddTaskTC" name="addTaskFromSheet" time="1.352"/>
  <system-out/>
  <testcase classname="com.hashTagMIS.Test.AdminUC.A3Task.AdAddTaskTC" name="addTaskFromSheet" time="1.558"/>
  <system-out/>
  <testcase classname="com.hashTagMIS.Test.AdminUC.A3Task.AdAddTaskTC" name="addTaskFromSheet" time="1.399"/>
  <system-out/>
  <testcase classname="com.hashTagMIS.Test.AdminUC.A3Task.AdAddTaskTC" name="addTaskFromSheet" time="1.514"/>
  <system-out/>
  <testcase classname="com.hashTagMIS.Test.AdminUC.A3Task.AdAddTaskTC" name="addTaskFromSheet" time="1.498"/>
  <system-out/>
  <testcase classname="com.hashTagMIS.Test.AdminUC.A3Task.AdAddTaskTC" name="verifyTaskFromSheet">
    <skipped/>
  </testcase> <!-- verifyTaskFromSheet -->
  <system-out/>
</testsuite> <!-- com.hashTagMIS.Test.AdminUC.A3Task.AdAddTaskTC -->
