<?xml version="1.0" encoding="UTF-8"?>
<!-- Generated by org.testng.reporters.JUnitReportReporter -->
<testsuite hostname="DESKTOP-N42I4EB" failures="0" tests="2" name="com.hashTagMIS.Test.AdminUC.A2Employee.AdMultipleEmpTC" time="5.677" errors="0" timestamp="2024-08-10T13:47:49 IST" skipped="1">
  <testcase classname="com.hashTagMIS.Test.AdminUC.A2Employee.AdMultipleEmpTC" name="adminLogin" time="5.677"/>
  <system-out/>
  <testcase classname="com.hashTagMIS.Test.AdminUC.A2Employee.AdMultipleEmpTC" name="DeleteAllStaff">
    <skipped/>
  </testcase> <!-- DeleteAllStaff -->
  <system-out/>
</testsuite> <!-- com.hashTagMIS.Test.AdminUC.A2Employee.AdMultipleEmpTC -->
