<?xml version="1.0" encoding="UTF-8"?>
<!-- Generated by org.testng.reporters.JUnitReportReporter -->
<testsuite hostname="DESKTOP-N42I4EB" failures="0" tests="1" name="com.hashTagMIS.Test.AdminUC.A3Task.Ad3TaskSequenceByDragNDropTC" time="6.787" errors="0" timestamp="2024-08-21T12:42:49 IST" skipped="0">
  <testcase classname="com.hashTagMIS.Test.AdminUC.A3Task.Ad3TaskSequenceByDragNDropTC" name="verifyTaskSequenceDragNDropTest" time="6.787"/>
  <system-out/>
</testsuite> <!-- com.hashTagMIS.Test.AdminUC.A3Task.Ad3TaskSequenceByDragNDropTC -->
