<?xml version="1.0" encoding="UTF-8"?>
<!-- Generated by org.testng.reporters.JUnitReportReporter -->
<testsuite hostname="DESKTOP-N42I4EB" failures="0" tests="1" name="com.hashTagMIS.Test.EmployeeUC.c2Report.F2AdEditReportTC" time="89.223" errors="0" timestamp="2024-08-13T20:49:08 IST" skipped="0">
  <testcase classname="com.hashTagMIS.Test.EmployeeUC.c2Report.F2AdEditReportTC" name="AdEditReport" time="89.223"/>
  <system-out>
    <![CDATA[OTP has been sent successfully<===>OTP has been sent successfully
expLst= [Krunal, 13-08-2024 08:48 PM, 23-05-2024, Incident, Checked]
actLst= [Krunal, 13-08-2024 08:48 PM, 23-05-2024, Incident, Checked]
expLst= [Krunal, 13-08-2024 08:48 PM, 23-05-2024, Incident, Checked]
actLst= [Krunal, 13-08-2024 08:48 PM, 23-05-2024, Incident, Checked]
expLst= [23-05-2024, Incident, 13-08-2024 08:48 PM, Checked]
actLst= [23-05-2024, Incident, 13-08-2024 08:48 PM, Checked]
1] AdER  General IRs Published<=>Incident General IRs Published
1] AdER2 General IRs Published<=>Incident General IRs Published
1] AdVR2 General IRs Published<=>Incident General IRs Published
1] SAVR2 General IRs Published<=>Incident General IRs Published
1] EmVR2 General IRs Published<=>Incident General IRs Published
2] AdER  Major IRs Published<=>Incident Major IRs Published
2] AdER2 Major IRs Published<=>Incident Major IRs Published
2] AdVR2 Major IRs Published<=>Incident Major IRs Published
2] SAVR2 Major IRs Published<=>Incident Major IRs Published
2] EmVR2 Major IRs Published<=>Incident Major IRs Published
3] AdER  Serious IRs Published<=>Incident Serious IRs Published
3] AdER2 Serious IRs Published<=>Incident Serious IRs Published
3] AdVR2 Serious IRs Published<=>Incident Serious IRs Published
3] SAVR2 Serious IRs Published<=>Incident Serious IRs Published
3] EmVR2 Serious IRs Published<=>Incident Serious IRs Published
4] AdER  IRs Processed<=>Incident IRs Processed
4] AdER2 IRs Processed<=>Incident IRs Processed
4] AdVR2 IRs Processed<=>Incident IRs Processed
4] SAVR2 IRs Processed<=>Incident IRs Processed
4] EmVR2 IRs Processed<=>Incident IRs Processed
5] AdER  Internal IRs<=>Incident Internal IRs
5] AdER2 Internal IRs<=>Incident Internal IRs
5] AdVR2 Internal IRs<=>Incident Internal IRs
5] SAVR2 Internal IRs<=>Incident Internal IRs
5] EmVR2 Internal IRs<=>Incident Internal IRs
6] AdER  Internal IR Updates<=>Incident Internal IR Updates
6] AdER2 Internal IR Updates<=>Incident Internal IR Updates
6] AdVR2 Internal IR Updates<=>Incident Internal IR Updates
6] SAVR2 Internal IR Updates<=>Incident Internal IR Updates
6] EmVR2 Internal IR Updates<=>Incident Internal IR Updates
7] AdER  IR Updates<=>Incident IR Updates
7] AdER2 IR Updates<=>Incident IR Updates
7] AdVR2 IR Updates<=>Incident IR Updates
7] SAVR2 IR Updates<=>Incident IR Updates
7] EmVR2 IR Updates<=>Incident IR Updates
8] AdER  Add Summary - Only For IRs performed by Others<=>Incident Add Summary - Only For IRs performed by Others
8] AdER2 Add Summary - Only For IRs performed by Others<=>Incident Add Summary - Only For IRs performed by Others
8] AdVR2 Add Summary - Only For IRs performed by Others<=>Incident Add Summary - Only For IRs performed by Others
8] SAVR2 Add Summary - Only For IRs performed by Others<=>Incident Add Summary - Only For IRs performed by Others
8] EmVR2 Add Summary - Only For IRs performed by Others<=>Incident Add Summary - Only For IRs performed by Others
9] AdER  CRH Queries<=>Incident CRH Queries
9] AdER2 CRH Queries<=>Incident CRH Queries
9] AdVR2 CRH Queries<=>Incident CRH Queries
9] SAVR2 CRH Queries<=>Incident CRH Queries
9] EmVR2 CRH Queries<=>Incident CRH Queries
10] AdER  Move Request<=>Incident Move Request
10] AdER2 Move Request<=>Incident Move Request
10] AdVR2 Move Request<=>Incident Move Request
10] SAVR2 Move Request<=>Incident Move Request
10] EmVR2 Move Request<=>Incident Move Request
11] AdER  Maintenance Report<=>Incident Maintenance Report
11] AdER2 Maintenance Report<=>Incident Maintenance Report
11] AdVR2 Maintenance Report<=>Incident Maintenance Report
11] SAVR2 Maintenance Report<=>Incident Maintenance Report
11] EmVR2 Maintenance Report<=>Incident Maintenance Report
12] AdER  End Of Day Summary - Excel Create<=>Incident End Of Day Summary - Excel Create
12] AdER2 End Of Day Summary - Excel Create<=>Incident End Of Day Summary - Excel Create
12] AdVR2 End Of Day Summary - Excel Create<=>Incident End Of Day Summary - Excel Create
12] SAVR2 End Of Day Summary - Excel Create<=>Incident End Of Day Summary - Excel Create
12] EmVR2 End Of Day Summary - Excel Create<=>Incident End Of Day Summary - Excel Create
13] AdER  End Of Day Summary - Categorize<=>Incident End Of Day Summary - Categorize
13] AdER2 End Of Day Summary - Categorize<=>Incident End Of Day Summary - Categorize
13] AdVR2 End Of Day Summary - Categorize<=>Incident End Of Day Summary - Categorize
13] SAVR2 End Of Day Summary - Categorize<=>Incident End Of Day Summary - Categorize
13] EmVR2 End Of Day Summary - Categorize<=>Incident End Of Day Summary - Categorize
14] AdER  End of Day Summary with Updates<=>Incident End of Day Summary with Updates
14] AdER2 End of Day Summary with Updates<=>Incident End of Day Summary with Updates
14] AdVR2 End of Day Summary with Updates<=>Incident End of Day Summary with Updates
14] SAVR2 End of Day Summary with Updates<=>Incident End of Day Summary with Updates
14] EmVR2 End of Day Summary with Updates<=>Incident End of Day Summary with Updates
15] AdER  General Queries<=>Incident General Queries
15] AdER2 General Queries<=>Incident General Queries
15] AdVR2 General Queries<=>Incident General Queries
15] SAVR2 General Queries<=>Incident General Queries
15] EmVR2 General Queries<=>Incident General Queries
16] AdER  Email Scanning<=>Incident Email Scanning
16] AdER2 Email Scanning<=>Incident Email Scanning
16] AdVR2 Email Scanning<=>Incident Email Scanning
16] SAVR2 Email Scanning<=>Incident Email Scanning
16] EmVR2 Email Scanning<=>Incident Email Scanning
17] AdER  Closing Active IRs<=>Incident Closing Active IRs
17] AdER2 Closing Active IRs<=>Incident Closing Active IRs
17] AdVR2 Closing Active IRs<=>Incident Closing Active IRs
17] SAVR2 Closing Active IRs<=>Incident Closing Active IRs
17] EmVR2 Closing Active IRs<=>Incident Closing Active IRs
18] AdER  Archiving<=>Incident Archiving
18] AdER2 Archiving<=>Incident Archiving
18] AdVR2 Archiving<=>Incident Archiving
18] SAVR2 Archiving<=>Incident Archiving
18] EmVR2 Archiving<=>Incident Archiving
19] AdER  Database update<=>Incident Database update
19] AdER2 Database update<=>Incident Database update
19] AdVR2 Database update<=>Incident Database update
19] SAVR2 Database update<=>Incident Database update
19] EmVR2 Database update<=>Incident Database update
20] AdER  Cease of Movement<=>Incident Cease of Movement
20] AdER2 Cease of Movement<=>Incident Cease of Movement
20] AdVR2 Cease of Movement<=>Incident Cease of Movement
20] SAVR2 Cease of Movement<=>Incident Cease of Movement
20] EmVR2 Cease of Movement<=>Incident Cease of Movement
21] AdER  WL Chase<=>Incident WL Chase
21] AdER2 WL Chase<=>Incident WL Chase
21] AdVR2 WL Chase<=>Incident WL Chase
21] SAVR2 WL Chase<=>Incident WL Chase
21] EmVR2 WL Chase<=>Incident WL Chase
22] AdER  Weekly Or Monthly IR Count Report (Internal)<=>Incident Weekly Or Monthly IR Count Report (Internal)
22] AdER2 Weekly Or Monthly IR Count Report (Internal)<=>Incident Weekly Or Monthly IR Count Report (Internal)
22] AdVR2 Weekly Or Monthly IR Count Report (Internal)<=>Incident Weekly Or Monthly IR Count Report (Internal)
22] SAVR2 Weekly Or Monthly IR Count Report (Internal)<=>Incident Weekly Or Monthly IR Count Report (Internal)
22] EmVR2 Weekly Or Monthly IR Count Report (Internal)<=>Incident Weekly Or Monthly IR Count Report (Internal)
23] AdER  Weekly IR Word<=>Incident Weekly IR Word
23] AdER2 Weekly IR Word<=>Incident Weekly IR Word
23] AdVR2 Weekly IR Word<=>Incident Weekly IR Word
23] SAVR2 Weekly IR Word<=>Incident Weekly IR Word
23] EmVR2 Weekly IR Word<=>Incident Weekly IR Word
24] AdER  Weekly IR Excel<=>Incident Weekly IR Excel
24] AdER2 Weekly IR Excel<=>Incident Weekly IR Excel
24] AdVR2 Weekly IR Excel<=>Incident Weekly IR Excel
24] SAVR2 Weekly IR Excel<=>Incident Weekly IR Excel
24] EmVR2 Weekly IR Excel<=>Incident Weekly IR Excel
25] AdER  Observation Check<=>Incident Observation Check
25] AdER2 Observation Check<=>Incident Observation Check
25] AdVR2 Observation Check<=>Incident Observation Check
25] SAVR2 Observation Check<=>Incident Observation Check
25] EmVR2 Observation Check<=>Incident Observation Check
26] AdER  Filling Action Taken<=>Incident Filling Action Taken
26] AdER2 Filling Action Taken<=>Incident Filling Action Taken
26] AdVR2 Filling Action Taken<=>Incident Filling Action Taken
26] SAVR2 Filling Action Taken<=>Incident Filling Action Taken
26] EmVR2 Filling Action Taken<=>Incident Filling Action Taken
27] AdER  Calls<=>Incident Calls
27] AdER2 Calls<=>Incident Calls
27] AdVR2 Calls<=>Incident Calls
27] SAVR2 Calls<=>Incident Calls
27] EmVR2 Calls<=>Incident Calls
28] AdER  Emails<=>Incident Emails
28] AdER2 Emails<=>Incident Emails
28] AdVR2 Emails<=>Incident Emails
28] SAVR2 Emails<=>Incident Emails
28] EmVR2 Emails<=>Incident Emails
29] AdER  Meeting<=>Incident Meeting
29] AdER2 Meeting<=>Incident Meeting
29] AdVR2 Meeting<=>Incident Meeting
29] SAVR2 Meeting<=>Incident Meeting
29] EmVR2 Meeting<=>Incident Meeting
30] AdER  Meeting Minutes<=>Incident Meeting Minutes
30] AdER2 Meeting Minutes<=>Incident Meeting Minutes
30] AdVR2 Meeting Minutes<=>Incident Meeting Minutes
30] SAVR2 Meeting Minutes<=>Incident Meeting Minutes
30] EmVR2 Meeting Minutes<=>Incident Meeting Minutes
31] AdER  Handover<=>Incident Handover
31] AdER2 Handover<=>Incident Handover
31] AdVR2 Handover<=>Incident Handover
31] SAVR2 Handover<=>Incident Handover
31] EmVR2 Handover<=>Incident Handover
32] AdER  Training<=>Incident Training
32] AdER2 Training<=>Incident Training
32] AdVR2 Training<=>Incident Training
32] SAVR2 Training<=>Incident Training
32] EmVR2 Training<=>Incident Training
33] AdER  Other Tasks<=>Incident Other Tasks
33] AdER2 Other Tasks<=>Incident Other Tasks
33] AdVR2 Other Tasks<=>Incident Other Tasks
33] SAVR2 Other Tasks<=>Incident Other Tasks
33] EmVR2 Other Tasks<=>Incident Other Tasks
<=======================================>]]>
  </system-out>
</testsuite> <!-- com.hashTagMIS.Test.EmployeeUC.c2Report.F2AdEditReportTC -->
