<?xml version="1.0" encoding="UTF-8"?>
<!-- Generated by org.testng.reporters.JUnitReportReporter -->
<testsuite hostname="DESKTOP-N42I4EB" failures="0" tests="2" name="com.hashTagMIS.Test.AdminUC.A2Employee.AdEmpAndVerifyHisPresenceTC" time="11.551" errors="0" timestamp="2024-08-10T16:00:21 IST" skipped="1">
  <testcase classname="com.hashTagMIS.Test.AdminUC.A2Employee.AdEmpAndVerifyHisPresenceTC" name="testAddEmpAndVerifyHisPresence" time="11.551"/>
  <system-out>
    <![CDATA[Staff Added<====>Staff Added
<== Verify data in Dashboard ==>
[Bhavesh, Food, Laundry, Procurement, Procurement - Team Leader, Security, bhavesh@hashtaginfosystem.com]
[Bhavesh, Food, Laundry, Procurement, Procurement - Team Leader, Security, bhavesh@hashtaginfosystem.com]
<== Verify data in Emp edit Page ==>
[11:30, 2024-07-11, 21:30, Bhavesh, Bhavesh@123, Food, Laundry, Procurement, Procurement - Team Leader, Security, Sub-Admin, bhavesh@hashtaginfosystem.com]
[11:30, 2024-07-11, 21:30, Bhavesh, Bhavesh@123, Food, Laundry, Procurement, Procurement - Team Leader, Security, Sub-Admin, bhavesh@hashtaginfosystem.com]
<== Verify data in Emp Credentials ==>]]>
  </system-out>
  <testcase classname="com.hashTagMIS.Test.AdminUC.A2Employee.AdEmpAndVerifyHisPresenceTC" name="DeleteAllStaff">
    <skipped/>
  </testcase> <!-- DeleteAllStaff -->
  <system-out/>
</testsuite> <!-- com.hashTagMIS.Test.AdminUC.A2Employee.AdEmpAndVerifyHisPresenceTC -->
