<?xml version="1.0" encoding="UTF-8"?>
<!-- Generated by org.testng.reporters.JUnitReportReporter -->
<testsuite hostname="DESKTOP-N42I4EB" failures="1" tests="1" name="com.hashTagMIS.Test.EmployeeUC.c2Report.F1EmSubmitReportTC" time="102.209" errors="0" timestamp="2024-08-12T16:49:48 IST" skipped="0">
  <testcase classname="com.hashTagMIS.Test.EmployeeUC.c2Report.F1EmSubmitReportTC" name="FillReport" time="102.209">
    <failure message="The following asserts failed:
	element at index2Dont Matched expected [21-05-2024] but found [23-05-2024],
	List data not matched: Lists differ at element [2]: 21-05-2024 != 23-05-2024 expected [21-05-2024] but found [23-05-2024],
	element at index0Dont Matched expected [21-05-2024] but found [23-05-2024],
	List data not matched: Lists differ at element [0]: 21-05-2024 != 23-05-2024 expected [21-05-2024] but found [23-05-2024],
	expected [Daily Report: 21-05-2024] but found [Daily Report: 23-05-2024]" type="java.lang.AssertionError">
      <![CDATA[java.lang.AssertionError: The following asserts failed:
element at index2Dont Matched expected [21-05-2024] but found [23-05-2024],
List data not matched: Lists differ at element [2]: 21-05-2024 != 23-05-2024 expected [21-05-2024] but found [23-05-2024],
element at index0Dont Matched expected [21-05-2024] but found [23-05-2024],
List data not matched: Lists differ at element [0]: 21-05-2024 != 23-05-2024 expected [21-05-2024] but found [23-05-2024],
expected [Daily Report: 21-05-2024] but found [Daily Report: 23-05-2024]
at org.testng.asserts.SoftAssert.assertAll(SoftAssert.java:47)
at org.testng.asserts.SoftAssert.assertAll(SoftAssert.java:31)
at com.hashTagMIS.Test.EmployeeUC.c2Report.F1EmSubmitReportTC.FillReport(F1EmSubmitReportTC.java:420)
at java.base/jdk.internal.reflect.DirectMethodHandleAccessor.invoke(DirectMethodHandleAccessor.java:103)
at java.base/java.lang.reflect.Method.invoke(Method.java:580)
at org.testng.internal.MethodInvocationHelper.invokeMethod(MethodInvocationHelper.java:133)
at org.testng.internal.TestInvoker.invokeMethod(TestInvoker.java:598)
at org.testng.internal.TestInvoker.invokeTestMethod(TestInvoker.java:173)
at org.testng.internal.MethodRunner.runInSequence(MethodRunner.java:46)
at org.testng.internal.TestInvoker$MethodInvocationAgent.invoke(TestInvoker.java:824)
at org.testng.internal.TestInvoker.invokeTestMethods(TestInvoker.java:146)
at org.testng.internal.TestMethodWorker.invokeTestMethods(TestMethodWorker.java:146)
at org.testng.internal.TestMethodWorker.run(TestMethodWorker.java:128)
at java.base/java.util.ArrayList.forEach(ArrayList.java:1596)
at org.testng.TestRunner.privateRun(TestRunner.java:794)
at org.testng.TestRunner.run(TestRunner.java:596)
at org.testng.SuiteRunner.runTest(SuiteRunner.java:377)
at org.testng.SuiteRunner.runSequentially(SuiteRunner.java:371)
at org.testng.SuiteRunner.privateRun(SuiteRunner.java:332)
at org.testng.SuiteRunner.run(SuiteRunner.java:276)
at org.testng.SuiteRunnerWorker.runSuite(SuiteRunnerWorker.java:53)
at org.testng.SuiteRunnerWorker.run(SuiteRunnerWorker.java:96)
at org.testng.TestNG.runSuitesSequentially(TestNG.java:1212)
at org.testng.TestNG.runSuitesLocally(TestNG.java:1134)
at org.testng.TestNG.runSuites(TestNG.java:1063)
at org.testng.TestNG.run(TestNG.java:1031)
at org.testng.remote.AbstractRemoteTestNG.run(AbstractRemoteTestNG.java:115)
at org.testng.remote.RemoteTestNG.initAndRun(RemoteTestNG.java:293)
at org.testng.remote.RemoteTestNG.main(RemoteTestNG.java:91)
]]>
    </failure>
  </testcase> <!-- FillReport -->
  <system-out>
    <![CDATA[Report submitted successfully!<==>Report submitted successfully!
expLst= [21-05-2024, Incident, 12-08-2024 04:48 PM, Unchecked]
actLst= [21-05-2024, Incident, 12-08-2024 04:48 PM, Unchecked]
expLst= [Krunal, 12-08-2024 04:48 PM, 21-05-2024, Incident, Unchecked]
actLst= [Krunal, 12-08-2024 04:48 PM, 21-05-2024, Incident, Unchecked]
OTP has been sent successfully<===>OTP has been sent successfully
expLst= [Krunal, 12-08-2024 04:48 PM, 21-05-2024, Incident, Unchecked]
actLst= [Krunal, 12-08-2024 04:48 PM, 21-05-2024, Incident, Unchecked]
[Employee Name: Krunal, Incident, 21-May-2024, Unchecked]
[Employee Name: Krunal, Incident, 21-May-2024, Unchecked]
[Employee Name: Krunal, Incident, 21-May-2024, Unchecked]
[Employee Name: Krunal, Incident, 21-May-2024, Unchecked]
Employee Name: Krunal<==>Employee Name: Krunal<==>Employee Name: Krunal
Incident<==>Incident<==>Incident
21-May-2024<==>21-May-2024<==>21-May-2024
Unchecked<==>Unchecked<==>Unchecked
1] EmRF General IRs Published<=>501
1] EmVR General IRs Published<=>501
1] SAVR General IRs Published<=>501
1] AdVR General IRs Published<=>501
1] AdER General IRs Published<=>501
2] EmRF Major IRs Published<=>502
2] EmVR Major IRs Published<=>502
2] SAVR Major IRs Published<=>502
2] AdVR Major IRs Published<=>502
2] AdER Major IRs Published<=>502
3] EmRF Serious IRs Published<=>503
3] EmVR Serious IRs Published<=>503
3] SAVR Serious IRs Published<=>503
3] AdVR Serious IRs Published<=>503
3] AdER Serious IRs Published<=>503
4] EmRF IRs Processed<=>504
4] EmVR IRs Processed<=>504
4] SAVR IRs Processed<=>504
4] AdVR IRs Processed<=>504
4] AdER IRs Processed<=>504
5] EmRF Internal IRs<=>505
5] EmVR Internal IRs<=>505
5] SAVR Internal IRs<=>505
5] AdVR Internal IRs<=>505
5] AdER Internal IRs<=>505
6] EmRF Internal IR Updates<=>506
6] EmVR Internal IR Updates<=>506
6] SAVR Internal IR Updates<=>506
6] AdVR Internal IR Updates<=>506
6] AdER Internal IR Updates<=>506
7] EmRF IR Updates<=>507
7] EmVR IR Updates<=>507
7] SAVR IR Updates<=>507
7] AdVR IR Updates<=>507
7] AdER IR Updates<=>507
8] EmRF Add Summary - Only For IRs performed by Others<=>508
8] EmVR Add Summary - Only For IRs performed by Others<=>508
8] SAVR Add Summary - Only For IRs performed by Others<=>508
8] AdVR Add Summary - Only For IRs performed by Others<=>508
8] AdER Add Summary - Only For IRs performed by Others<=>508
9] EmRF CRH Queries<=>509
9] EmVR CRH Queries<=>509
9] SAVR CRH Queries<=>509
9] AdVR CRH Queries<=>509
9] AdER CRH Queries<=>509
10] EmRF Move Request<=>510
10] EmVR Move Request<=>510
10] SAVR Move Request<=>510
10] AdVR Move Request<=>510
10] AdER Move Request<=>510
11] EmRF Maintenance Report<=>511
11] EmVR Maintenance Report<=>511
11] SAVR Maintenance Report<=>511
11] AdVR Maintenance Report<=>511
11] AdER Maintenance Report<=>511
12] EmRF End Of Day Summary - Excel Create<=>512
12] EmVR End Of Day Summary - Excel Create<=>512
12] SAVR End Of Day Summary - Excel Create<=>512
12] AdVR End Of Day Summary - Excel Create<=>512
12] AdER End Of Day Summary - Excel Create<=>512
13] EmRF End Of Day Summary - Categorize<=>513
13] EmVR End Of Day Summary - Categorize<=>513
13] SAVR End Of Day Summary - Categorize<=>513
13] AdVR End Of Day Summary - Categorize<=>513
13] AdER End Of Day Summary - Categorize<=>513
14] EmRF End of Day Summary with Updates<=>514
14] EmVR End of Day Summary with Updates<=>514
14] SAVR End of Day Summary with Updates<=>514
14] AdVR End of Day Summary with Updates<=>514
14] AdER End of Day Summary with Updates<=>514
15] EmRF General Queries<=>515
15] EmVR General Queries<=>515
15] SAVR General Queries<=>515
15] AdVR General Queries<=>515
15] AdER General Queries<=>515
16] EmRF Email Scanning<=>516
16] EmVR Email Scanning<=>516
16] SAVR Email Scanning<=>516
16] AdVR Email Scanning<=>516
16] AdER Email Scanning<=>516
17] EmRF Closing Active IRs<=>517
17] EmVR Closing Active IRs<=>517
17] SAVR Closing Active IRs<=>517
17] AdVR Closing Active IRs<=>517
17] AdER Closing Active IRs<=>517
18] EmRF Archiving<=>518
18] EmVR Archiving<=>518
18] SAVR Archiving<=>518
18] AdVR Archiving<=>518
18] AdER Archiving<=>518
19] EmRF Database update<=>519
19] EmVR Database update<=>519
19] SAVR Database update<=>519
19] AdVR Database update<=>519
19] AdER Database update<=>519
20] EmRF Cease of Movement<=>520
20] EmVR Cease of Movement<=>520
20] SAVR Cease of Movement<=>520
20] AdVR Cease of Movement<=>520
20] AdER Cease of Movement<=>520
21] EmRF WL Chase<=>521
21] EmVR WL Chase<=>521
21] SAVR WL Chase<=>521
21] AdVR WL Chase<=>521
21] AdER WL Chase<=>521
22] EmRF Weekly Or Monthly IR Count Report (Internal)<=>522
22] EmVR Weekly Or Monthly IR Count Report (Internal)<=>522
22] SAVR Weekly Or Monthly IR Count Report (Internal)<=>522
22] AdVR Weekly Or Monthly IR Count Report (Internal)<=>522
22] AdER Weekly Or Monthly IR Count Report (Internal)<=>522
23] EmRF Weekly IR Word<=>523
23] EmVR Weekly IR Word<=>523
23] SAVR Weekly IR Word<=>523
23] AdVR Weekly IR Word<=>523
23] AdER Weekly IR Word<=>523
24] EmRF Weekly IR Excel<=>524
24] EmVR Weekly IR Excel<=>524
24] SAVR Weekly IR Excel<=>524
24] AdVR Weekly IR Excel<=>524
24] AdER Weekly IR Excel<=>524
25] EmRF Observation Check<=>525
25] EmVR Observation Check<=>525
25] SAVR Observation Check<=>525
25] AdVR Observation Check<=>525
25] AdER Observation Check<=>525
26] EmRF Filling Action Taken<=>526
26] EmVR Filling Action Taken<=>526
26] SAVR Filling Action Taken<=>526
26] AdVR Filling Action Taken<=>526
26] AdER Filling Action Taken<=>526
27] EmRF Calls<=>527
27] EmVR Calls<=>527
27] SAVR Calls<=>527
27] AdVR Calls<=>527
27] AdER Calls<=>527
28] EmRF Emails<=>528
28] EmVR Emails<=>528
28] SAVR Emails<=>528
28] AdVR Emails<=>528
28] AdER Emails<=>528
29] EmRF Meeting<=>529
29] EmVR Meeting<=>529
29] SAVR Meeting<=>529
29] AdVR Meeting<=>529
29] AdER Meeting<=>529
30] EmRF Meeting Minutes<=>530
30] EmVR Meeting Minutes<=>530
30] SAVR Meeting Minutes<=>530
30] AdVR Meeting Minutes<=>530
30] AdER Meeting Minutes<=>530
31] EmRF Handover<=>531
31] EmVR Handover<=>531
31] SAVR Handover<=>531
31] AdVR Handover<=>531
31] AdER Handover<=>531
32] EmRF Training<=>Incident Training Long calls duration-1. 32 m 56 s (Call to HI Wembley. Their main number was not working, Followed vonage troubleshooting2. 32 m 56 s (Call to HI Wembley. Their main number was not working, Followed vonage troubleshooting
32] EmVR Training<=>Incident Training Long calls duration-1. 32 m 56 s (Call to HI Wembley. Their main number was not working, Followed vonage troubleshooting2. 32 m 56 s (Call to HI Wembley. Their main number was not working, Followed vonage troubleshooting
32] SAVR Training<=>Incident Training Long calls duration-1. 32 m 56 s (Call to HI Wembley. Their main number was not working, Followed vonage troubleshooting2. 32 m 56 s (Call to HI Wembley. Their main number was not working, Followed vonage troubleshooting
32] AdVR Training<=>Incident Training Long calls duration-1. 32 m 56 s (Call to HI Wembley. Their main number was not working, Followed vonage troubleshooting2. 32 m 56 s (Call to HI Wembley. Their main number was not working, Followed vonage troubleshooting
32] AdER Training<=>Incident Training Long calls duration-1. 32 m 56 s (Call to HI Wembley. Their main number was not working, Followed vonage troubleshooting2. 32 m 56 s (Call to HI Wembley. Their main number was not working, Followed vonage troubleshooting
33] EmRF Other Tasks<=>Incident Other Tasks Long calls duration-1. 32 m 56 s (Call to HI Wembley. Their main number was not working, Followed vonage troubleshooting2. 32 m 56 s (Call to HI Wembley. Their main number was not working, Followed vonage troubleshooting
33] EmVR Other Tasks<=>Incident Other Tasks Long calls duration-1. 32 m 56 s (Call to HI Wembley. Their main number was not working, Followed vonage troubleshooting2. 32 m 56 s (Call to HI Wembley. Their main number was not working, Followed vonage troubleshooting
33] SAVR Other Tasks<=>Incident Other Tasks Long calls duration-1. 32 m 56 s (Call to HI Wembley. Their main number was not working, Followed vonage troubleshooting2. 32 m 56 s (Call to HI Wembley. Their main number was not working, Followed vonage troubleshooting
33] AdVR Other Tasks<=>Incident Other Tasks Long calls duration-1. 32 m 56 s (Call to HI Wembley. Their main number was not working, Followed vonage troubleshooting2. 32 m 56 s (Call to HI Wembley. Their main number was not working, Followed vonage troubleshooting
33] AdER Other Tasks<=>Incident Other Tasks Long calls duration-1. 32 m 56 s (Call to HI Wembley. Their main number was not working, Followed vonage troubleshooting2. 32 m 56 s (Call to HI Wembley. Their main number was not working, Followed vonage troubleshooting
<=======================================>
expLst= [Krunal, 12-08-2024 04:48 PM, 21-05-2024, Incident, Unchecked]
actLst= [Krunal, 12-08-2024 04:48 PM, 23-05-2024, Incident, Unchecked]
expLst= [21-05-2024, Incident, 12-08-2024 04:48 PM, Unchecked]
actLst= [23-05-2024, Incident, 12-08-2024 04:48 PM, Unchecked]
1] AdER  General IRs Published<=>Incident General IRs Published
1] AdER2 General IRs Published<=>Incident General IRs Published
1] AdVR2 General IRs Published<=>Incident General IRs Published
1] SAVR2 General IRs Published<=>Incident General IRs Published
1] EmVR2 General IRs Published<=>Incident General IRs Published
2] AdER  Major IRs Published<=>Incident Major IRs Published
2] AdER2 Major IRs Published<=>Incident Major IRs Published
2] AdVR2 Major IRs Published<=>Incident Major IRs Published
2] SAVR2 Major IRs Published<=>Incident Major IRs Published
2] EmVR2 Major IRs Published<=>Incident Major IRs Published
3] AdER  Serious IRs Published<=>Incident Serious IRs Published
3] AdER2 Serious IRs Published<=>Incident Serious IRs Published
3] AdVR2 Serious IRs Published<=>Incident Serious IRs Published
3] SAVR2 Serious IRs Published<=>Incident Serious IRs Published
3] EmVR2 Serious IRs Published<=>Incident Serious IRs Published
4] AdER  IRs Processed<=>Incident IRs Processed
4] AdER2 IRs Processed<=>Incident IRs Processed
4] AdVR2 IRs Processed<=>Incident IRs Processed
4] SAVR2 IRs Processed<=>Incident IRs Processed
4] EmVR2 IRs Processed<=>Incident IRs Processed
5] AdER  Internal IRs<=>Incident Internal IRs
5] AdER2 Internal IRs<=>Incident Internal IRs
5] AdVR2 Internal IRs<=>Incident Internal IRs
5] SAVR2 Internal IRs<=>Incident Internal IRs
5] EmVR2 Internal IRs<=>Incident Internal IRs
6] AdER  Internal IR Updates<=>Incident Internal IR Updates
6] AdER2 Internal IR Updates<=>Incident Internal IR Updates
6] AdVR2 Internal IR Updates<=>Incident Internal IR Updates
6] SAVR2 Internal IR Updates<=>Incident Internal IR Updates
6] EmVR2 Internal IR Updates<=>Incident Internal IR Updates
7] AdER  IR Updates<=>Incident IR Updates
7] AdER2 IR Updates<=>Incident IR Updates
7] AdVR2 IR Updates<=>Incident IR Updates
7] SAVR2 IR Updates<=>Incident IR Updates
7] EmVR2 IR Updates<=>Incident IR Updates
8] AdER  Add Summary - Only For IRs performed by Others<=>Incident Add Summary - Only For IRs performed by Others
8] AdER2 Add Summary - Only For IRs performed by Others<=>Incident Add Summary - Only For IRs performed by Others
8] AdVR2 Add Summary - Only For IRs performed by Others<=>Incident Add Summary - Only For IRs performed by Others
8] SAVR2 Add Summary - Only For IRs performed by Others<=>Incident Add Summary - Only For IRs performed by Others
8] EmVR2 Add Summary - Only For IRs performed by Others<=>Incident Add Summary - Only For IRs performed by Others
9] AdER  CRH Queries<=>Incident CRH Queries
9] AdER2 CRH Queries<=>Incident CRH Queries
9] AdVR2 CRH Queries<=>Incident CRH Queries
9] SAVR2 CRH Queries<=>Incident CRH Queries
9] EmVR2 CRH Queries<=>Incident CRH Queries
10] AdER  Move Request<=>Incident Move Request
10] AdER2 Move Request<=>Incident Move Request
10] AdVR2 Move Request<=>Incident Move Request
10] SAVR2 Move Request<=>Incident Move Request
10] EmVR2 Move Request<=>Incident Move Request
11] AdER  Maintenance Report<=>Incident Maintenance Report
11] AdER2 Maintenance Report<=>Incident Maintenance Report
11] AdVR2 Maintenance Report<=>Incident Maintenance Report
11] SAVR2 Maintenance Report<=>Incident Maintenance Report
11] EmVR2 Maintenance Report<=>Incident Maintenance Report
12] AdER  End Of Day Summary - Excel Create<=>Incident End Of Day Summary - Excel Create
12] AdER2 End Of Day Summary - Excel Create<=>Incident End Of Day Summary - Excel Create
12] AdVR2 End Of Day Summary - Excel Create<=>Incident End Of Day Summary - Excel Create
12] SAVR2 End Of Day Summary - Excel Create<=>Incident End Of Day Summary - Excel Create
12] EmVR2 End Of Day Summary - Excel Create<=>Incident End Of Day Summary - Excel Create
13] AdER  End Of Day Summary - Categorize<=>Incident End Of Day Summary - Categorize
13] AdER2 End Of Day Summary - Categorize<=>Incident End Of Day Summary - Categorize
13] AdVR2 End Of Day Summary - Categorize<=>Incident End Of Day Summary - Categorize
13] SAVR2 End Of Day Summary - Categorize<=>Incident End Of Day Summary - Categorize
13] EmVR2 End Of Day Summary - Categorize<=>Incident End Of Day Summary - Categorize
14] AdER  End of Day Summary with Updates<=>Incident End of Day Summary with Updates
14] AdER2 End of Day Summary with Updates<=>Incident End of Day Summary with Updates
14] AdVR2 End of Day Summary with Updates<=>Incident End of Day Summary with Updates
14] SAVR2 End of Day Summary with Updates<=>Incident End of Day Summary with Updates
14] EmVR2 End of Day Summary with Updates<=>Incident End of Day Summary with Updates
15] AdER  General Queries<=>Incident General Queries
15] AdER2 General Queries<=>Incident General Queries
15] AdVR2 General Queries<=>Incident General Queries
15] SAVR2 General Queries<=>Incident General Queries
15] EmVR2 General Queries<=>Incident General Queries
16] AdER  Email Scanning<=>Incident Email Scanning
16] AdER2 Email Scanning<=>Incident Email Scanning
16] AdVR2 Email Scanning<=>Incident Email Scanning
16] SAVR2 Email Scanning<=>Incident Email Scanning
16] EmVR2 Email Scanning<=>Incident Email Scanning
17] AdER  Closing Active IRs<=>Incident Closing Active IRs
17] AdER2 Closing Active IRs<=>Incident Closing Active IRs
17] AdVR2 Closing Active IRs<=>Incident Closing Active IRs
17] SAVR2 Closing Active IRs<=>Incident Closing Active IRs
17] EmVR2 Closing Active IRs<=>Incident Closing Active IRs
18] AdER  Archiving<=>Incident Archiving
18] AdER2 Archiving<=>Incident Archiving
18] AdVR2 Archiving<=>Incident Archiving
18] SAVR2 Archiving<=>Incident Archiving
18] EmVR2 Archiving<=>Incident Archiving
19] AdER  Database update<=>Incident Database update
19] AdER2 Database update<=>Incident Database update
19] AdVR2 Database update<=>Incident Database update
19] SAVR2 Database update<=>Incident Database update
19] EmVR2 Database update<=>Incident Database update
20] AdER  Cease of Movement<=>Incident Cease of Movement
20] AdER2 Cease of Movement<=>Incident Cease of Movement
20] AdVR2 Cease of Movement<=>Incident Cease of Movement
20] SAVR2 Cease of Movement<=>Incident Cease of Movement
20] EmVR2 Cease of Movement<=>Incident Cease of Movement
21] AdER  WL Chase<=>Incident WL Chase
21] AdER2 WL Chase<=>Incident WL Chase
21] AdVR2 WL Chase<=>Incident WL Chase
21] SAVR2 WL Chase<=>Incident WL Chase
21] EmVR2 WL Chase<=>Incident WL Chase
22] AdER  Weekly Or Monthly IR Count Report (Internal)<=>Incident Weekly Or Monthly IR Count Report (Internal)
22] AdER2 Weekly Or Monthly IR Count Report (Internal)<=>Incident Weekly Or Monthly IR Count Report (Internal)
22] AdVR2 Weekly Or Monthly IR Count Report (Internal)<=>Incident Weekly Or Monthly IR Count Report (Internal)
22] SAVR2 Weekly Or Monthly IR Count Report (Internal)<=>Incident Weekly Or Monthly IR Count Report (Internal)
22] EmVR2 Weekly Or Monthly IR Count Report (Internal)<=>Incident Weekly Or Monthly IR Count Report (Internal)
23] AdER  Weekly IR Word<=>Incident Weekly IR Word
23] AdER2 Weekly IR Word<=>Incident Weekly IR Word
23] AdVR2 Weekly IR Word<=>Incident Weekly IR Word
23] SAVR2 Weekly IR Word<=>Incident Weekly IR Word
23] EmVR2 Weekly IR Word<=>Incident Weekly IR Word
24] AdER  Weekly IR Excel<=>Incident Weekly IR Excel
24] AdER2 Weekly IR Excel<=>Incident Weekly IR Excel
24] AdVR2 Weekly IR Excel<=>Incident Weekly IR Excel
24] SAVR2 Weekly IR Excel<=>Incident Weekly IR Excel
24] EmVR2 Weekly IR Excel<=>Incident Weekly IR Excel
25] AdER  Observation Check<=>Incident Observation Check
25] AdER2 Observation Check<=>Incident Observation Check
25] AdVR2 Observation Check<=>Incident Observation Check
25] SAVR2 Observation Check<=>Incident Observation Check
25] EmVR2 Observation Check<=>Incident Observation Check
26] AdER  Filling Action Taken<=>Incident Filling Action Taken
26] AdER2 Filling Action Taken<=>Incident Filling Action Taken
26] AdVR2 Filling Action Taken<=>Incident Filling Action Taken
26] SAVR2 Filling Action Taken<=>Incident Filling Action Taken
26] EmVR2 Filling Action Taken<=>Incident Filling Action Taken
27] AdER  Calls<=>Incident Calls
27] AdER2 Calls<=>Incident Calls
27] AdVR2 Calls<=>Incident Calls
27] SAVR2 Calls<=>Incident Calls
27] EmVR2 Calls<=>Incident Calls
28] AdER  Emails<=>Incident Emails
28] AdER2 Emails<=>Incident Emails
28] AdVR2 Emails<=>Incident Emails
28] SAVR2 Emails<=>Incident Emails
28] EmVR2 Emails<=>Incident Emails
29] AdER  Meeting<=>Incident Meeting
29] AdER2 Meeting<=>Incident Meeting
29] AdVR2 Meeting<=>Incident Meeting
29] SAVR2 Meeting<=>Incident Meeting
29] EmVR2 Meeting<=>Incident Meeting
30] AdER  Meeting Minutes<=>Incident Meeting Minutes
30] AdER2 Meeting Minutes<=>Incident Meeting Minutes
30] AdVR2 Meeting Minutes<=>Incident Meeting Minutes
30] SAVR2 Meeting Minutes<=>Incident Meeting Minutes
30] EmVR2 Meeting Minutes<=>Incident Meeting Minutes
31] AdER  Handover<=>Incident Handover
31] AdER2 Handover<=>Incident Handover
31] AdVR2 Handover<=>Incident Handover
31] SAVR2 Handover<=>Incident Handover
31] EmVR2 Handover<=>Incident Handover
32] AdER  Training<=>Incident Training
32] AdER2 Training<=>Incident Training
32] AdVR2 Training<=>Incident Training
32] SAVR2 Training<=>Incident Training
32] EmVR2 Training<=>Incident Training
33] AdER  Other Tasks<=>Incident Other Tasks
33] AdER2 Other Tasks<=>Incident Other Tasks
33] AdVR2 Other Tasks<=>Incident Other Tasks
33] SAVR2 Other Tasks<=>Incident Other Tasks
33] EmVR2 Other Tasks<=>Incident Other Tasks]]>
  </system-out>
</testsuite> <!-- com.hashTagMIS.Test.EmployeeUC.c2Report.F1EmSubmitReportTC -->
