<?xml version="1.0" encoding="UTF-8"?>
<!-- Generated by org.testng.reporters.JUnitReportReporter -->
<testsuite hostname="DESKTOP-N42I4EB" failures="0" tests="4" name="com.hashTagMIS.Test.EmployeeUC.c1Login.c1LoginTC" time="21.275" errors="0" timestamp="2024-08-14T16:10:10 IST" skipped="2">
  <testcase classname="com.hashTagMIS.Test.EmployeeUC.c1Login.c1LoginTC" name="forgotPwdLink" time="14.921"/>
  <system-out/>
  <testcase classname="com.hashTagMIS.Test.EmployeeUC.c1Login.c1LoginTC" name="forgotPwdLink" time="6.354"/>
  <system-out/>
  <testcase classname="com.hashTagMIS.Test.EmployeeUC.c1Login.c1LoginTC" name="adminLogin">
    <skipped/>
  </testcase> <!-- adminLogin -->
  <system-out/>
  <testcase classname="com.hashTagMIS.Test.EmployeeUC.c1Login.c1LoginTC" name="employeeLogin">
    <skipped/>
  </testcase> <!-- employeeLogin -->
  <system-out/>
</testsuite> <!-- com.hashTagMIS.Test.EmployeeUC.c1Login.c1LoginTC -->
