<?xml version="1.0" encoding="UTF-8"?>
<!-- Generated by org.testng.reporters.JUnitReportReporter -->
<testsuite hostname="DESKTOP-N42I4EB" failures="0" tests="23" name="com.hashTagMIS.Test.AdminUC.A1Department.Ad2AddMultiDeptandVerifytheirPresenceTC" time="176.492" errors="0" timestamp="2024-08-22T14:24:26 IST" skipped="2">
  <testcase classname="com.hashTagMIS.Test.AdminUC.A1Department.Ad2AddMultiDeptandVerifytheirPresenceTC" name="addDepartmentMultiTest" time="9.714"/>
  <system-out>
    <![CDATA[Department added successfully!<====>Department added successfully!]]>
  </system-out>
  <testcase classname="com.hashTagMIS.Test.AdminUC.A1Department.Ad2AddMultiDeptandVerifytheirPresenceTC" name="addDepartmentMultiTest" time="6.556"/>
  <system-out>
    <![CDATA[Department added successfully!<====>Department added successfully!]]>
  </system-out>
  <testcase classname="com.hashTagMIS.Test.AdminUC.A1Department.Ad2AddMultiDeptandVerifytheirPresenceTC" name="addDepartmentMultiTest" time="6.517"/>
  <system-out>
    <![CDATA[Department added successfully!<====>Department added successfully!]]>
  </system-out>
  <testcase classname="com.hashTagMIS.Test.AdminUC.A1Department.Ad2AddMultiDeptandVerifytheirPresenceTC" name="addDepartmentMultiTest" time="9.901"/>
  <system-out>
    <![CDATA[Department added successfully!<====>Department added successfully!]]>
  </system-out>
  <testcase classname="com.hashTagMIS.Test.AdminUC.A1Department.Ad2AddMultiDeptandVerifytheirPresenceTC" name="addDepartmentMultiTest" time="9.860"/>
  <system-out>
    <![CDATA[Department added successfully!<====>Department added successfully!]]>
  </system-out>
  <testcase classname="com.hashTagMIS.Test.AdminUC.A1Department.Ad2AddMultiDeptandVerifytheirPresenceTC" name="addDepartmentMultiTest" time="6.502"/>
  <system-out>
    <![CDATA[Department added successfully!<====>Department added successfully!]]>
  </system-out>
  <testcase classname="com.hashTagMIS.Test.AdminUC.A1Department.Ad2AddMultiDeptandVerifytheirPresenceTC" name="addDepartmentMultiTest" time="6.456"/>
  <system-out>
    <![CDATA[Department added successfully!<====>Department added successfully!]]>
  </system-out>
  <testcase classname="com.hashTagMIS.Test.AdminUC.A1Department.Ad2AddMultiDeptandVerifytheirPresenceTC" name="addDepartmentMultiTest" time="6.874"/>
  <system-out>
    <![CDATA[Department added successfully!<====>Department added successfully!]]>
  </system-out>
  <testcase classname="com.hashTagMIS.Test.AdminUC.A1Department.Ad2AddMultiDeptandVerifytheirPresenceTC" name="addDepartmentMultiTest" time="9.735"/>
  <system-out>
    <![CDATA[Department added successfully!<====>Department added successfully!]]>
  </system-out>
  <testcase classname="com.hashTagMIS.Test.AdminUC.A1Department.Ad2AddMultiDeptandVerifytheirPresenceTC" name="addDepartmentMultiTest" time="6.643"/>
  <system-out>
    <![CDATA[Department added successfully!<====>Department added successfully!]]>
  </system-out>
  <testcase classname="com.hashTagMIS.Test.AdminUC.A1Department.Ad2AddMultiDeptandVerifytheirPresenceTC" name="addDepartmentMultiTest" time="13.065"/>
  <system-out>
    <![CDATA[Department added successfully!<====>Department added successfully!]]>
  </system-out>
  <testcase classname="com.hashTagMIS.Test.AdminUC.A1Department.Ad2AddMultiDeptandVerifytheirPresenceTC" name="addDepartmentMultiTest" time="9.901"/>
  <system-out>
    <![CDATA[Department added successfully!<====>Department added successfully!]]>
  </system-out>
  <testcase classname="com.hashTagMIS.Test.AdminUC.A1Department.Ad2AddMultiDeptandVerifytheirPresenceTC" name="addDepartmentMultiTest" time="9.811"/>
  <system-out>
    <![CDATA[Department added successfully!<====>Department added successfully!]]>
  </system-out>
  <testcase classname="com.hashTagMIS.Test.AdminUC.A1Department.Ad2AddMultiDeptandVerifytheirPresenceTC" name="addDepartmentMultiTest" time="6.536"/>
  <system-out>
    <![CDATA[Department added successfully!<====>Department added successfully!]]>
  </system-out>
  <testcase classname="com.hashTagMIS.Test.AdminUC.A1Department.Ad2AddMultiDeptandVerifytheirPresenceTC" name="addDepartmentMultiTest" time="9.667"/>
  <system-out>
    <![CDATA[Department added successfully!<====>Department added successfully!]]>
  </system-out>
  <testcase classname="com.hashTagMIS.Test.AdminUC.A1Department.Ad2AddMultiDeptandVerifytheirPresenceTC" name="addDepartmentMultiTest" time="6.559"/>
  <system-out>
    <![CDATA[Department added successfully!<====>Department added successfully!]]>
  </system-out>
  <testcase classname="com.hashTagMIS.Test.AdminUC.A1Department.Ad2AddMultiDeptandVerifytheirPresenceTC" name="addDepartmentMultiTest" time="9.709"/>
  <system-out>
    <![CDATA[Department added successfully!<====>Department added successfully!]]>
  </system-out>
  <testcase classname="com.hashTagMIS.Test.AdminUC.A1Department.Ad2AddMultiDeptandVerifytheirPresenceTC" name="addDepartmentMultiTest" time="9.742"/>
  <system-out>
    <![CDATA[Department added successfully!<====>Department added successfully!]]>
  </system-out>
  <testcase classname="com.hashTagMIS.Test.AdminUC.A1Department.Ad2AddMultiDeptandVerifytheirPresenceTC" name="addDepartmentMultiTest" time="9.699"/>
  <system-out>
    <![CDATA[Department added successfully!<====>Department added successfully!]]>
  </system-out>
  <testcase classname="com.hashTagMIS.Test.AdminUC.A1Department.Ad2AddMultiDeptandVerifytheirPresenceTC" name="addDepartmentMultiTest" time="6.452"/>
  <system-out>
    <![CDATA[Department added successfully!<====>Department added successfully!]]>
  </system-out>
  <testcase classname="com.hashTagMIS.Test.AdminUC.A1Department.Ad2AddMultiDeptandVerifytheirPresenceTC" name="addDepartmentMultiTest" time="6.593"/>
  <system-out>
    <![CDATA[Department added successfully!<====>Department added successfully!]]>
  </system-out>
  <testcase classname="com.hashTagMIS.Test.AdminUC.A1Department.Ad2AddMultiDeptandVerifytheirPresenceTC" name="deleteDepartmentMultiTest">
    <skipped/>
  </testcase> <!-- deleteDepartmentMultiTest -->
  <system-out/>
  <testcase classname="com.hashTagMIS.Test.AdminUC.A1Department.Ad2AddMultiDeptandVerifytheirPresenceTC" name="verifyAllDepInAllDropdownTest">
    <skipped/>
  </testcase> <!-- verifyAllDepInAllDropdownTest -->
  <system-out/>
</testsuite> <!-- com.hashTagMIS.Test.AdminUC.A1Department.Ad2AddMultiDeptandVerifytheirPresenceTC -->
