<?xml version="1.0" encoding="UTF-8"?>
<!-- Generated by org.testng.reporters.JUnitReportReporter -->
<testsuite hostname="DESKTOP-N42I4EB" failures="0" tests="87" name="com.hashTagMIS.Test.AdminUC.A3Task.Ad1AddTaskVerifyThemInAllPlacesTC" time="139.584" errors="0" timestamp="2024-08-13T15:49:37 IST" skipped="1">
  <testcase classname="com.hashTagMIS.Test.AdminUC.A3Task.Ad1AddTaskVerifyThemInAllPlacesTC" name="addTaskFromSheet" time="1.314"/>
  <system-out/>
  <testcase classname="com.hashTagMIS.Test.AdminUC.A3Task.Ad1AddTaskVerifyThemInAllPlacesTC" name="addTaskFromSheet" time="1.555"/>
  <system-out/>
  <testcase classname="com.hashTagMIS.Test.AdminUC.A3Task.Ad1AddTaskVerifyThemInAllPlacesTC" name="addTaskFromSheet" time="1.373"/>
  <system-out/>
  <testcase classname="com.hashTagMIS.Test.AdminUC.A3Task.Ad1AddTaskVerifyThemInAllPlacesTC" name="addTaskFromSheet" time="1.465"/>
  <system-out/>
  <testcase classname="com.hashTagMIS.Test.AdminUC.A3Task.Ad1AddTaskVerifyThemInAllPlacesTC" name="addTaskFromSheet" time="1.325"/>
  <system-out/>
  <testcase classname="com.hashTagMIS.Test.AdminUC.A3Task.Ad1AddTaskVerifyThemInAllPlacesTC" name="addTaskFromSheet" time="1.854"/>
  <system-out/>
  <testcase classname="com.hashTagMIS.Test.AdminUC.A3Task.Ad1AddTaskVerifyThemInAllPlacesTC" name="addTaskFromSheet" time="1.568"/>
  <system-out/>
  <testcase classname="com.hashTagMIS.Test.AdminUC.A3Task.Ad1AddTaskVerifyThemInAllPlacesTC" name="addTaskFromSheet" time="1.477"/>
  <system-out/>
  <testcase classname="com.hashTagMIS.Test.AdminUC.A3Task.Ad1AddTaskVerifyThemInAllPlacesTC" name="addTaskFromSheet" time="1.557"/>
  <system-out/>
  <testcase classname="com.hashTagMIS.Test.AdminUC.A3Task.Ad1AddTaskVerifyThemInAllPlacesTC" name="addTaskFromSheet" time="2.369"/>
  <system-out/>
  <testcase classname="com.hashTagMIS.Test.AdminUC.A3Task.Ad1AddTaskVerifyThemInAllPlacesTC" name="addTaskFromSheet" time="1.743"/>
  <system-out/>
  <testcase classname="com.hashTagMIS.Test.AdminUC.A3Task.Ad1AddTaskVerifyThemInAllPlacesTC" name="addTaskFromSheet" time="1.897"/>
  <system-out/>
  <testcase classname="com.hashTagMIS.Test.AdminUC.A3Task.Ad1AddTaskVerifyThemInAllPlacesTC" name="addTaskFromSheet" time="1.259"/>
  <system-out/>
  <testcase classname="com.hashTagMIS.Test.AdminUC.A3Task.Ad1AddTaskVerifyThemInAllPlacesTC" name="addTaskFromSheet" time="1.544"/>
  <system-out/>
  <testcase classname="com.hashTagMIS.Test.AdminUC.A3Task.Ad1AddTaskVerifyThemInAllPlacesTC" name="addTaskFromSheet" time="1.422"/>
  <system-out/>
  <testcase classname="com.hashTagMIS.Test.AdminUC.A3Task.Ad1AddTaskVerifyThemInAllPlacesTC" name="addTaskFromSheet" time="1.300"/>
  <system-out/>
  <testcase classname="com.hashTagMIS.Test.AdminUC.A3Task.Ad1AddTaskVerifyThemInAllPlacesTC" name="addTaskFromSheet" time="1.340"/>
  <system-out/>
  <testcase classname="com.hashTagMIS.Test.AdminUC.A3Task.Ad1AddTaskVerifyThemInAllPlacesTC" name="addTaskFromSheet" time="1.292"/>
  <system-out/>
  <testcase classname="com.hashTagMIS.Test.AdminUC.A3Task.Ad1AddTaskVerifyThemInAllPlacesTC" name="addTaskFromSheet" time="1.325"/>
  <system-out/>
  <testcase classname="com.hashTagMIS.Test.AdminUC.A3Task.Ad1AddTaskVerifyThemInAllPlacesTC" name="addTaskFromSheet" time="1.741"/>
  <system-out/>
  <testcase classname="com.hashTagMIS.Test.AdminUC.A3Task.Ad1AddTaskVerifyThemInAllPlacesTC" name="addTaskFromSheet" time="1.487"/>
  <system-out/>
  <testcase classname="com.hashTagMIS.Test.AdminUC.A3Task.Ad1AddTaskVerifyThemInAllPlacesTC" name="addTaskFromSheet" time="1.537"/>
  <system-out/>
  <testcase classname="com.hashTagMIS.Test.AdminUC.A3Task.Ad1AddTaskVerifyThemInAllPlacesTC" name="addTaskFromSheet" time="2.011"/>
  <system-out/>
  <testcase classname="com.hashTagMIS.Test.AdminUC.A3Task.Ad1AddTaskVerifyThemInAllPlacesTC" name="addTaskFromSheet" time="1.309"/>
  <system-out/>
  <testcase classname="com.hashTagMIS.Test.AdminUC.A3Task.Ad1AddTaskVerifyThemInAllPlacesTC" name="addTaskFromSheet" time="2.205"/>
  <system-out/>
  <testcase classname="com.hashTagMIS.Test.AdminUC.A3Task.Ad1AddTaskVerifyThemInAllPlacesTC" name="addTaskFromSheet" time="1.544"/>
  <system-out/>
  <testcase classname="com.hashTagMIS.Test.AdminUC.A3Task.Ad1AddTaskVerifyThemInAllPlacesTC" name="addTaskFromSheet" time="1.446"/>
  <system-out/>
  <testcase classname="com.hashTagMIS.Test.AdminUC.A3Task.Ad1AddTaskVerifyThemInAllPlacesTC" name="addTaskFromSheet" time="1.540"/>
  <system-out/>
  <testcase classname="com.hashTagMIS.Test.AdminUC.A3Task.Ad1AddTaskVerifyThemInAllPlacesTC" name="addTaskFromSheet" time="1.503"/>
  <system-out/>
  <testcase classname="com.hashTagMIS.Test.AdminUC.A3Task.Ad1AddTaskVerifyThemInAllPlacesTC" name="addTaskFromSheet" time="2.557"/>
  <system-out/>
  <testcase classname="com.hashTagMIS.Test.AdminUC.A3Task.Ad1AddTaskVerifyThemInAllPlacesTC" name="addTaskFromSheet" time="1.323"/>
  <system-out/>
  <testcase classname="com.hashTagMIS.Test.AdminUC.A3Task.Ad1AddTaskVerifyThemInAllPlacesTC" name="addTaskFromSheet" time="1.349"/>
  <system-out/>
  <testcase classname="com.hashTagMIS.Test.AdminUC.A3Task.Ad1AddTaskVerifyThemInAllPlacesTC" name="addTaskFromSheet" time="1.313"/>
  <system-out/>
  <testcase classname="com.hashTagMIS.Test.AdminUC.A3Task.Ad1AddTaskVerifyThemInAllPlacesTC" name="addTaskFromSheet" time="2.429"/>
  <system-out/>
  <testcase classname="com.hashTagMIS.Test.AdminUC.A3Task.Ad1AddTaskVerifyThemInAllPlacesTC" name="addTaskFromSheet" time="1.576"/>
  <system-out/>
  <testcase classname="com.hashTagMIS.Test.AdminUC.A3Task.Ad1AddTaskVerifyThemInAllPlacesTC" name="addTaskFromSheet" time="1.666"/>
  <system-out/>
  <testcase classname="com.hashTagMIS.Test.AdminUC.A3Task.Ad1AddTaskVerifyThemInAllPlacesTC" name="addTaskFromSheet" time="2.099"/>
  <system-out/>
  <testcase classname="com.hashTagMIS.Test.AdminUC.A3Task.Ad1AddTaskVerifyThemInAllPlacesTC" name="addTaskFromSheet" time="1.408"/>
  <system-out/>
  <testcase classname="com.hashTagMIS.Test.AdminUC.A3Task.Ad1AddTaskVerifyThemInAllPlacesTC" name="addTaskFromSheet" time="2.038"/>
  <system-out/>
  <testcase classname="com.hashTagMIS.Test.AdminUC.A3Task.Ad1AddTaskVerifyThemInAllPlacesTC" name="addTaskFromSheet" time="1.769"/>
  <system-out/>
  <testcase classname="com.hashTagMIS.Test.AdminUC.A3Task.Ad1AddTaskVerifyThemInAllPlacesTC" name="addTaskFromSheet" time="1.997"/>
  <system-out/>
  <testcase classname="com.hashTagMIS.Test.AdminUC.A3Task.Ad1AddTaskVerifyThemInAllPlacesTC" name="addTaskFromSheet" time="2.568"/>
  <system-out/>
  <testcase classname="com.hashTagMIS.Test.AdminUC.A3Task.Ad1AddTaskVerifyThemInAllPlacesTC" name="addTaskFromSheet" time="1.258"/>
  <system-out/>
  <testcase classname="com.hashTagMIS.Test.AdminUC.A3Task.Ad1AddTaskVerifyThemInAllPlacesTC" name="addTaskFromSheet" time="1.926"/>
  <system-out/>
  <testcase classname="com.hashTagMIS.Test.AdminUC.A3Task.Ad1AddTaskVerifyThemInAllPlacesTC" name="addTaskFromSheet" time="1.250"/>
  <system-out/>
  <testcase classname="com.hashTagMIS.Test.AdminUC.A3Task.Ad1AddTaskVerifyThemInAllPlacesTC" name="addTaskFromSheet" time="1.525"/>
  <system-out/>
  <testcase classname="com.hashTagMIS.Test.AdminUC.A3Task.Ad1AddTaskVerifyThemInAllPlacesTC" name="addTaskFromSheet" time="1.240"/>
  <system-out/>
  <testcase classname="com.hashTagMIS.Test.AdminUC.A3Task.Ad1AddTaskVerifyThemInAllPlacesTC" name="addTaskFromSheet" time="1.755"/>
  <system-out/>
  <testcase classname="com.hashTagMIS.Test.AdminUC.A3Task.Ad1AddTaskVerifyThemInAllPlacesTC" name="addTaskFromSheet" time="3.654"/>
  <system-out/>
  <testcase classname="com.hashTagMIS.Test.AdminUC.A3Task.Ad1AddTaskVerifyThemInAllPlacesTC" name="addTaskFromSheet" time="1.332"/>
  <system-out/>
  <testcase classname="com.hashTagMIS.Test.AdminUC.A3Task.Ad1AddTaskVerifyThemInAllPlacesTC" name="addTaskFromSheet" time="1.797"/>
  <system-out/>
  <testcase classname="com.hashTagMIS.Test.AdminUC.A3Task.Ad1AddTaskVerifyThemInAllPlacesTC" name="addTaskFromSheet" time="1.395"/>
  <system-out/>
  <testcase classname="com.hashTagMIS.Test.AdminUC.A3Task.Ad1AddTaskVerifyThemInAllPlacesTC" name="addTaskFromSheet" time="1.464"/>
  <system-out/>
  <testcase classname="com.hashTagMIS.Test.AdminUC.A3Task.Ad1AddTaskVerifyThemInAllPlacesTC" name="addTaskFromSheet" time="1.593"/>
  <system-out/>
  <testcase classname="com.hashTagMIS.Test.AdminUC.A3Task.Ad1AddTaskVerifyThemInAllPlacesTC" name="addTaskFromSheet" time="1.879"/>
  <system-out/>
  <testcase classname="com.hashTagMIS.Test.AdminUC.A3Task.Ad1AddTaskVerifyThemInAllPlacesTC" name="addTaskFromSheet" time="1.846"/>
  <system-out/>
  <testcase classname="com.hashTagMIS.Test.AdminUC.A3Task.Ad1AddTaskVerifyThemInAllPlacesTC" name="addTaskFromSheet" time="1.828"/>
  <system-out/>
  <testcase classname="com.hashTagMIS.Test.AdminUC.A3Task.Ad1AddTaskVerifyThemInAllPlacesTC" name="addTaskFromSheet" time="2.551"/>
  <system-out/>
  <testcase classname="com.hashTagMIS.Test.AdminUC.A3Task.Ad1AddTaskVerifyThemInAllPlacesTC" name="addTaskFromSheet" time="2.232"/>
  <system-out/>
  <testcase classname="com.hashTagMIS.Test.AdminUC.A3Task.Ad1AddTaskVerifyThemInAllPlacesTC" name="addTaskFromSheet" time="1.569"/>
  <system-out/>
  <testcase classname="com.hashTagMIS.Test.AdminUC.A3Task.Ad1AddTaskVerifyThemInAllPlacesTC" name="addTaskFromSheet" time="1.313"/>
  <system-out/>
  <testcase classname="com.hashTagMIS.Test.AdminUC.A3Task.Ad1AddTaskVerifyThemInAllPlacesTC" name="addTaskFromSheet" time="1.202"/>
  <system-out/>
  <testcase classname="com.hashTagMIS.Test.AdminUC.A3Task.Ad1AddTaskVerifyThemInAllPlacesTC" name="addTaskFromSheet" time="1.315"/>
  <system-out/>
  <testcase classname="com.hashTagMIS.Test.AdminUC.A3Task.Ad1AddTaskVerifyThemInAllPlacesTC" name="addTaskFromSheet" time="1.233"/>
  <system-out/>
  <testcase classname="com.hashTagMIS.Test.AdminUC.A3Task.Ad1AddTaskVerifyThemInAllPlacesTC" name="addTaskFromSheet" time="1.753"/>
  <system-out/>
  <testcase classname="com.hashTagMIS.Test.AdminUC.A3Task.Ad1AddTaskVerifyThemInAllPlacesTC" name="addTaskFromSheet" time="1.269"/>
  <system-out/>
  <testcase classname="com.hashTagMIS.Test.AdminUC.A3Task.Ad1AddTaskVerifyThemInAllPlacesTC" name="addTaskFromSheet" time="1.659"/>
  <system-out/>
  <testcase classname="com.hashTagMIS.Test.AdminUC.A3Task.Ad1AddTaskVerifyThemInAllPlacesTC" name="addTaskFromSheet" time="1.841"/>
  <system-out/>
  <testcase classname="com.hashTagMIS.Test.AdminUC.A3Task.Ad1AddTaskVerifyThemInAllPlacesTC" name="addTaskFromSheet" time="1.178"/>
  <system-out/>
  <testcase classname="com.hashTagMIS.Test.AdminUC.A3Task.Ad1AddTaskVerifyThemInAllPlacesTC" name="addTaskFromSheet" time="2.180"/>
  <system-out/>
  <testcase classname="com.hashTagMIS.Test.AdminUC.A3Task.Ad1AddTaskVerifyThemInAllPlacesTC" name="addTaskFromSheet" time="1.299"/>
  <system-out/>
  <testcase classname="com.hashTagMIS.Test.AdminUC.A3Task.Ad1AddTaskVerifyThemInAllPlacesTC" name="addTaskFromSheet" time="1.427"/>
  <system-out/>
  <testcase classname="com.hashTagMIS.Test.AdminUC.A3Task.Ad1AddTaskVerifyThemInAllPlacesTC" name="addTaskFromSheet" time="1.150"/>
  <system-out/>
  <testcase classname="com.hashTagMIS.Test.AdminUC.A3Task.Ad1AddTaskVerifyThemInAllPlacesTC" name="addTaskFromSheet" time="1.307"/>
  <system-out/>
  <testcase classname="com.hashTagMIS.Test.AdminUC.A3Task.Ad1AddTaskVerifyThemInAllPlacesTC" name="addTaskFromSheet" time="1.246"/>
  <system-out/>
  <testcase classname="com.hashTagMIS.Test.AdminUC.A3Task.Ad1AddTaskVerifyThemInAllPlacesTC" name="addTaskFromSheet" time="1.237"/>
  <system-out/>
  <testcase classname="com.hashTagMIS.Test.AdminUC.A3Task.Ad1AddTaskVerifyThemInAllPlacesTC" name="addTaskFromSheet" time="1.243"/>
  <system-out/>
  <testcase classname="com.hashTagMIS.Test.AdminUC.A3Task.Ad1AddTaskVerifyThemInAllPlacesTC" name="addTaskFromSheet" time="1.732"/>
  <system-out/>
  <testcase classname="com.hashTagMIS.Test.AdminUC.A3Task.Ad1AddTaskVerifyThemInAllPlacesTC" name="addTaskFromSheet" time="1.143"/>
  <system-out/>
  <testcase classname="com.hashTagMIS.Test.AdminUC.A3Task.Ad1AddTaskVerifyThemInAllPlacesTC" name="addTaskFromSheet" time="2.065"/>
  <system-out/>
  <testcase classname="com.hashTagMIS.Test.AdminUC.A3Task.Ad1AddTaskVerifyThemInAllPlacesTC" name="addTaskFromSheet" time="1.193"/>
  <system-out/>
  <testcase classname="com.hashTagMIS.Test.AdminUC.A3Task.Ad1AddTaskVerifyThemInAllPlacesTC" name="addTaskFromSheet" time="1.671"/>
  <system-out/>
  <testcase classname="com.hashTagMIS.Test.AdminUC.A3Task.Ad1AddTaskVerifyThemInAllPlacesTC" name="addTaskFromSheet" time="1.592"/>
  <system-out/>
  <testcase classname="com.hashTagMIS.Test.AdminUC.A3Task.Ad1AddTaskVerifyThemInAllPlacesTC" name="addTaskFromSheet" time="1.470"/>
  <system-out/>
  <testcase classname="com.hashTagMIS.Test.AdminUC.A3Task.Ad1AddTaskVerifyThemInAllPlacesTC" name="addTaskFromSheet" time="2.073"/>
  <system-out/>
  <testcase classname="com.hashTagMIS.Test.AdminUC.A3Task.Ad1AddTaskVerifyThemInAllPlacesTC" name="addTaskFromSheet" time="1.305"/>
  <system-out/>
  <testcase classname="com.hashTagMIS.Test.AdminUC.A3Task.Ad1AddTaskVerifyThemInAllPlacesTC" name="verifyTaskFromSheet">
    <skipped/>
  </testcase> <!-- verifyTaskFromSheet -->
  <system-out/>
</testsuite> <!-- com.hashTagMIS.Test.AdminUC.A3Task.Ad1AddTaskVerifyThemInAllPlacesTC -->
