<?xml version="1.0" encoding="UTF-8"?>
<!-- Generated by org.testng.reporters.JUnitReportReporter -->
<testsuite hostname="DESKTOP-N42I4EB" failures="0" tests="2" name="com.hashTagMIS.Test.AdminUC.A2Employee.AdEmpAndVerifyHisPresenceTC" time="12.088" errors="0" timestamp="2024-08-16T17:18:51 IST" skipped="1">
  <testcase classname="com.hashTagMIS.Test.AdminUC.A2Employee.AdEmpAndVerifyHisPresenceTC" name="addEmpAndVerifyHisPresenceTest" time="12.088"/>
  <system-out>
    <![CDATA[Staff Added<====>Staff Added
<== Verify data in Dashboard ==>
expLst= [3D Design, Food, General Manager, Laundry, Ridham, Security, john@hashtaginfosystem.com]
actLst= [3D Design, Food, General Manager, Laundry, Ridham, Security, john@hashtaginfosystem.com]
<== Verify data in Emp edit Page ==>
expLst= [05:45, 17:45, 2024-05-25, 3D Design, Admin@123, Food, General Manager, Laundry, Ridham, Security, Staff, john@hashtaginfosystem.com]
actLst= [05:45, 17:45, 2024-05-25, 3D Design, Admin@123, Food, General Manager, Laundry, Ridham, Security, Staff, john@hashtaginfosystem.com]
<== Verify data in Emp Credentials ==>]]>
  </system-out>
  <testcase classname="com.hashTagMIS.Test.AdminUC.A2Employee.AdEmpAndVerifyHisPresenceTC" name="DeleteAllStaff">
    <skipped/>
  </testcase> <!-- DeleteAllStaff -->
  <system-out/>
</testsuite> <!-- com.hashTagMIS.Test.AdminUC.A2Employee.AdEmpAndVerifyHisPresenceTC -->
