<?xml version="1.0" encoding="UTF-8"?>
<!-- Generated by org.testng.reporters.JUnitReportReporter -->
<testsuite hostname="DESKTOP-N42I4EB" failures="0" tests="2" name="com.hashTagMIS.Test.Flow.CheckUncheckFlow.F1AdCheckTC" time="59.065" errors="0" timestamp="2024-08-13T11:42:17 IST" skipped="1">
  <testcase classname="com.hashTagMIS.Test.Flow.CheckUncheckFlow.F1AdCheckTC" name="Flow2AdminCheckAfterFormSubmitAndSubAdminCheck" time="59.065"/>
  <system-out>
    <![CDATA[OTP has been sent successfully<===>OTP has been sent successfully
35Checked by: DEVELOPERS = Checked by: DEVELOPERS
4Checked by: DEVELOPERS = Checked by: DEVELOPERS
<=======================================>]]>
  </system-out>
  <testcase classname="com.hashTagMIS.Test.Flow.CheckUncheckFlow.F1AdCheckTC" name="Flow1SubadminCheckAfterFormSubmitAndAdminUncheck">
    <skipped/>
  </testcase> <!-- Flow1SubadminCheckAfterFormSubmitAndAdminUncheck -->
  <system-out/>
</testsuite> <!-- com.hashTagMIS.Test.Flow.CheckUncheckFlow.F1AdCheckTC -->
