<?xml version="1.0" encoding="UTF-8"?>
<!-- Generated by org.testng.reporters.JUnitReportReporter -->
<testsuite hostname="DESKTOP-N42I4EB" failures="0" tests="1" name="com.hashTagMIS.Test.EmployeeUC.c2Report.F2AdEditReportTC" time="96.497" errors="0" timestamp="2024-08-23T14:18:28 IST" skipped="0">
  <testcase classname="com.hashTagMIS.Test.EmployeeUC.c2Report.F2AdEditReportTC" name="AdEditReportTest" time="96.497"/>
  <system-out>
    <![CDATA[OTP has been sent successfully<===>OTP has been sent successfully
expLst= [Krunal, 23-08-2024 02:17 PM, 24-05-2024, Care Support, Checked]
actLst= [Krunal, 23-08-2024 02:17 PM, 24-05-2024, Care Support, Checked]
expLst= [Krunal, 23-08-2024 02:17 PM, 24-05-2024, Care Support, Checked]
actLst= [Krunal, 23-08-2024 02:17 PM, 24-05-2024, Care Support, Checked]
expLst= [24-05-2024, Care Support, 23-08-2024 02:17 PM, Checked]
actLst= [24-05-2024, Care Support, 23-08-2024 02:17 PM, Checked]
1] AdER  Charity Database<=>Care Support Charity Database
1] AdER2 Charity Database<=>Care Support Charity Database
1] AdVR2 Charity Database<=>Care Support Charity Database
1] SAVR2 Charity Database<=>Care Support Charity Database
1] EmVR2 Charity Database<=>Care Support Charity Database
2] AdER  Welfare database<=>Care Support Welfare database
2] AdER2 Welfare database<=>Care Support Welfare database
2] AdVR2 Welfare database<=>Care Support Welfare database
2] SAVR2 Welfare database<=>Care Support Welfare database
2] EmVR2 Welfare database<=>Care Support Welfare database
3] AdER  IRs<=>Care Support IRs
3] AdER2 IRs<=>Care Support IRs
3] AdVR2 IRs<=>Care Support IRs
3] SAVR2 IRs<=>Care Support IRs
3] EmVR2 IRs<=>Care Support IRs
4] AdER  RMS upload<=>Care Support RMS upload
4] AdER2 RMS upload<=>Care Support RMS upload
4] AdVR2 RMS upload<=>Care Support RMS upload
4] SAVR2 RMS upload<=>Care Support RMS upload
4] EmVR2 RMS upload<=>Care Support RMS upload
5] AdER  Poster Making<=>Care Support Poster Making
5] AdER2 Poster Making<=>Care Support Poster Making
5] AdVR2 Poster Making<=>Care Support Poster Making
5] SAVR2 Poster Making<=>Care Support Poster Making
5] EmVR2 Poster Making<=>Care Support Poster Making
6] AdER  PPT update - Care Support<=>Care Support PPT update - Care Support
6] AdER2 PPT update - Care Support<=>Care Support PPT update - Care Support
6] AdVR2 PPT update - Care Support<=>Care Support PPT update - Care Support
6] SAVR2 PPT update - Care Support<=>Care Support PPT update - Care Support
6] EmVR2 PPT update - Care Support<=>Care Support PPT update - Care Support
7] AdER  Weekly Report Care Support<=>Care Support Weekly Report Care Support
7] AdER2 Weekly Report Care Support<=>Care Support Weekly Report Care Support
7] AdVR2 Weekly Report Care Support<=>Care Support Weekly Report Care Support
7] SAVR2 Weekly Report Care Support<=>Care Support Weekly Report Care Support
7] EmVR2 Weekly Report Care Support<=>Care Support Weekly Report Care Support
8] AdER  Monthly Report Care Support<=>Care Support Monthly Report Care Support
8] AdER2 Monthly Report Care Support<=>Care Support Monthly Report Care Support
8] AdVR2 Monthly Report Care Support<=>Care Support Monthly Report Care Support
8] SAVR2 Monthly Report Care Support<=>Care Support Monthly Report Care Support
8] EmVR2 Monthly Report Care Support<=>Care Support Monthly Report Care Support
9] AdER  Calls<=>Care Support Calls
9] AdER2 Calls<=>Care Support Calls
9] AdVR2 Calls<=>Care Support Calls
9] SAVR2 Calls<=>Care Support Calls
9] EmVR2 Calls<=>Care Support Calls
10] AdER  Emails<=>Care Support Emails
10] AdER2 Emails<=>Care Support Emails
10] AdVR2 Emails<=>Care Support Emails
10] SAVR2 Emails<=>Care Support Emails
10] EmVR2 Emails<=>Care Support Emails
11] AdER  Meeting<=>Care Support Meeting
11] AdER2 Meeting<=>Care Support Meeting
11] AdVR2 Meeting<=>Care Support Meeting
11] SAVR2 Meeting<=>Care Support Meeting
11] EmVR2 Meeting<=>Care Support Meeting
12] AdER  Meeting Minutes<=>Care Support Meeting Minutes
12] AdER2 Meeting Minutes<=>Care Support Meeting Minutes
12] AdVR2 Meeting Minutes<=>Care Support Meeting Minutes
12] SAVR2 Meeting Minutes<=>Care Support Meeting Minutes
12] EmVR2 Meeting Minutes<=>Care Support Meeting Minutes
13] AdER  Training<=>Care Support Training
13] AdER2 Training<=>Care Support Training
13] AdVR2 Training<=>Care Support Training
13] SAVR2 Training<=>Care Support Training
13] EmVR2 Training<=>Care Support Training
14] AdER  Other Tasks<=>Care Support Other Tasks
14] AdER2 Other Tasks<=>Care Support Other Tasks
14] AdVR2 Other Tasks<=>Care Support Other Tasks
14] SAVR2 Other Tasks<=>Care Support Other Tasks
14] EmVR2 Other Tasks<=>Care Support Other Tasks
<=======================================>]]>
  </system-out>
</testsuite> <!-- com.hashTagMIS.Test.EmployeeUC.c2Report.F2AdEditReportTC -->
