<?xml version="1.0" encoding="UTF-8"?>
<!-- Generated by org.testng.reporters.JUnitReportReporter -->
<testsuite hostname="DESKTOP-N42I4EB" failures="0" tests="1" name="com.hashTagMIS.Test.EmployeeUC.c2Report.A1AdEditReportTC" time="69.560" errors="0" timestamp="2024-07-26T12:05:57 IST" skipped="0">
  <testcase classname="com.hashTagMIS.Test.EmployeeUC.c2Report.A1AdEditReportTC" name="AdEditReport" time="69.560"/>
  <system-out>
    <![CDATA[OTP has been sent successfully<===>OTP has been sent successfully
[2024-05-21, Incident, 2024-07-26 12:05 PM]
[2024-05-21, Incident, 2024-07-26 12:05 PM]
1] AdER Weekly IR Excel<=>Incident Weekly IR Excel
1] AdER2 Weekly IR Excel<=>Incident Weekly IR Excel
1] AdVR2 Weekly IR Excel<=>Incident Weekly IR Excel
1] SAVR2 Weekly IR Excel<=>Incident Weekly IR Excel
1] EmVR2 Weekly IR Excel<=>Incident Weekly IR Excel
2] AdER IRs Processed<=>Incident IRs Processed
2] AdER2 IRs Processed<=>Incident IRs Processed
2] AdVR2 IRs Processed<=>Incident IRs Processed
2] SAVR2 IRs Processed<=>Incident IRs Processed
2] EmVR2 IRs Processed<=>Incident IRs Processed
3] AdER Internal Irs<=>Incident Internal Irs
3] AdER2 Internal Irs<=>Incident Internal Irs
3] AdVR2 Internal Irs<=>Incident Internal Irs
3] SAVR2 Internal Irs<=>Incident Internal Irs
3] EmVR2 Internal Irs<=>Incident Internal Irs
4] AdER Major IRs Published<=>Incident Major IRs Published
4] AdER2 Major IRs Published<=>Incident Major IRs Published
4] AdVR2 Major IRs Published<=>Incident Major IRs Published
4] SAVR2 Major IRs Published<=>Incident Major IRs Published
4] EmVR2 Major IRs Published<=>Incident Major IRs Published
5] AdER IR Updates<=>Incident IR Updates
5] AdER2 IR Updates<=>Incident IR Updates
5] AdVR2 IR Updates<=>Incident IR Updates
5] SAVR2 IR Updates<=>Incident IR Updates
5] EmVR2 IR Updates<=>Incident IR Updates
6] AdER Add Summary - Only For IRs performed by Others<=>Incident Add Summary - Only For IRs performed by Others
6] AdER2 Add Summary - Only For IRs performed by Others<=>Incident Add Summary - Only For IRs performed by Others
6] AdVR2 Add Summary - Only For IRs performed by Others<=>Incident Add Summary - Only For IRs performed by Others
6] SAVR2 Add Summary - Only For IRs performed by Others<=>Incident Add Summary - Only For IRs performed by Others
6] EmVR2 Add Summary - Only For IRs performed by Others<=>Incident Add Summary - Only For IRs performed by Others
7] AdER CRH Queries<=>Incident CRH Queries
7] AdER2 CRH Queries<=>Incident CRH Queries
7] AdVR2 CRH Queries<=>Incident CRH Queries
7] SAVR2 CRH Queries<=>Incident CRH Queries
7] EmVR2 CRH Queries<=>Incident CRH Queries
8] AdER General IRs Published<=>Incident General IRs Published
8] AdER2 General IRs Published<=>Incident General IRs Published
8] AdVR2 General IRs Published<=>Incident General IRs Published
8] SAVR2 General IRs Published<=>Incident General IRs Published
8] EmVR2 General IRs Published<=>Incident General IRs Published
9] AdER Serious IRs Published<=>Incident Serious IRs Published
9] AdER2 Serious IRs Published<=>Incident Serious IRs Published
9] AdVR2 Serious IRs Published<=>Incident Serious IRs Published
9] SAVR2 Serious IRs Published<=>Incident Serious IRs Published
9] EmVR2 Serious IRs Published<=>Incident Serious IRs Published
10] AdER Move Request<=>Incident Move Request
10] AdER2 Move Request<=>Incident Move Request
10] AdVR2 Move Request<=>Incident Move Request
10] SAVR2 Move Request<=>Incident Move Request
10] EmVR2 Move Request<=>Incident Move Request
11] AdER Maintenance Report<=>Incident Maintenance Report
11] AdER2 Maintenance Report<=>Incident Maintenance Report
11] AdVR2 Maintenance Report<=>Incident Maintenance Report
11] SAVR2 Maintenance Report<=>Incident Maintenance Report
11] EmVR2 Maintenance Report<=>Incident Maintenance Report
12] AdER Total Incidents Report<=>Incident Total Incidents Report
12] AdER2 Total Incidents Report<=>Incident Total Incidents Report
12] AdVR2 Total Incidents Report<=>Incident Total Incidents Report
12] SAVR2 Total Incidents Report<=>Incident Total Incidents Report
12] EmVR2 Total Incidents Report<=>Incident Total Incidents Report
13] AdER Major Updates<=>Incident Major Updates
13] AdER2 Major Updates<=>Incident Major Updates
13] AdVR2 Major Updates<=>Incident Major Updates
13] SAVR2 Major Updates<=>Incident Major Updates
13] EmVR2 Major Updates<=>Incident Major Updates
14] AdER General Queries<=>Incident General Queries
14] AdER2 General Queries<=>Incident General Queries
14] AdVR2 General Queries<=>Incident General Queries
14] SAVR2 General Queries<=>Incident General Queries
14] EmVR2 General Queries<=>Incident General Queries
15] AdER Email Scanning<=>Incident Email Scanning
15] AdER2 Email Scanning<=>Incident Email Scanning
15] AdVR2 Email Scanning<=>Incident Email Scanning
15] SAVR2 Email Scanning<=>Incident Email Scanning
15] EmVR2 Email Scanning<=>Incident Email Scanning
16] AdER Closing Active Irs<=>Incident Closing Active Irs
16] AdER2 Closing Active Irs<=>Incident Closing Active Irs
16] AdVR2 Closing Active Irs<=>Incident Closing Active Irs
16] SAVR2 Closing Active Irs<=>Incident Closing Active Irs
16] EmVR2 Closing Active Irs<=>Incident Closing Active Irs
17] AdER Archiving<=>Incident Archiving
17] AdER2 Archiving<=>Incident Archiving
17] AdVR2 Archiving<=>Incident Archiving
17] SAVR2 Archiving<=>Incident Archiving
17] EmVR2 Archiving<=>Incident Archiving
18] AdER Database update<=>Incident Database update
18] AdER2 Database update<=>Incident Database update
18] AdVR2 Database update<=>Incident Database update
18] SAVR2 Database update<=>Incident Database update
18] EmVR2 Database update<=>Incident Database update
19] AdER Weekly Top IRs (Abdul's Task)<=>Incident Weekly Top IRs (Abdul's Task)
19] AdER2 Weekly Top IRs (Abdul's Task)<=>Incident Weekly Top IRs (Abdul's Task)
19] AdVR2 Weekly Top IRs (Abdul's Task)<=>Incident Weekly Top IRs (Abdul's Task)
19] SAVR2 Weekly Top IRs (Abdul's Task)<=>Incident Weekly Top IRs (Abdul's Task)
19] EmVR2 Weekly Top IRs (Abdul's Task)<=>Incident Weekly Top IRs (Abdul's Task)
20] AdER Cease of Movement<=>Incident Cease of Movement
20] AdER2 Cease of Movement<=>Incident Cease of Movement
20] AdVR2 Cease of Movement<=>Incident Cease of Movement
20] SAVR2 Cease of Movement<=>Incident Cease of Movement
20] EmVR2 Cease of Movement<=>Incident Cease of Movement
21] AdER Weekly Or Monthly IR Count Report (Internal)<=>Incident Weekly Or Monthly IR Count Report (Internal)
21] AdER2 Weekly Or Monthly IR Count Report (Internal)<=>Incident Weekly Or Monthly IR Count Report (Internal)
21] AdVR2 Weekly Or Monthly IR Count Report (Internal)<=>Incident Weekly Or Monthly IR Count Report (Internal)
21] SAVR2 Weekly Or Monthly IR Count Report (Internal)<=>Incident Weekly Or Monthly IR Count Report (Internal)
21] EmVR2 Weekly Or Monthly IR Count Report (Internal)<=>Incident Weekly Or Monthly IR Count Report (Internal)
22] AdER Weekly IR Word<=>Incident Weekly IR Word
22] AdER2 Weekly IR Word<=>Incident Weekly IR Word
22] AdVR2 Weekly IR Word<=>Incident Weekly IR Word
22] SAVR2 Weekly IR Word<=>Incident Weekly IR Word
22] EmVR2 Weekly IR Word<=>Incident Weekly IR Word
23] AdER Laundry Logs<=>Incident Laundry Logs
23] AdER2 Laundry Logs<=>Incident Laundry Logs
23] AdVR2 Laundry Logs<=>Incident Laundry Logs
23] SAVR2 Laundry Logs<=>Incident Laundry Logs
23] EmVR2 Laundry Logs<=>Incident Laundry Logs
24] AdER WL Chase<=>Incident WL Chase
24] AdER2 WL Chase<=>Incident WL Chase
24] AdVR2 WL Chase<=>Incident WL Chase
24] SAVR2 WL Chase<=>Incident WL Chase
24] EmVR2 WL Chase<=>Incident WL Chase
25] AdER Observation Check<=>Incident Observation Check
25] AdER2 Observation Check<=>Incident Observation Check
25] AdVR2 Observation Check<=>Incident Observation Check
25] SAVR2 Observation Check<=>Incident Observation Check
25] EmVR2 Observation Check<=>Incident Observation Check
26] AdER Weekly Top Food IRs<=>Incident Weekly Top Food IRs
26] AdER2 Weekly Top Food IRs<=>Incident Weekly Top Food IRs
26] AdVR2 Weekly Top Food IRs<=>Incident Weekly Top Food IRs
26] SAVR2 Weekly Top Food IRs<=>Incident Weekly Top Food IRs
26] EmVR2 Weekly Top Food IRs<=>Incident Weekly Top Food IRs
27] AdER Meeting Minutes<=>Incident Meeting Minutes
27] AdER2 Meeting Minutes<=>Incident Meeting Minutes
27] AdVR2 Meeting Minutes<=>Incident Meeting Minutes
27] SAVR2 Meeting Minutes<=>Incident Meeting Minutes
27] EmVR2 Meeting Minutes<=>Incident Meeting Minutes
28] AdER Calls<=>Incident Calls
28] AdER2 Calls<=>Incident Calls
28] AdVR2 Calls<=>Incident Calls
28] SAVR2 Calls<=>Incident Calls
28] EmVR2 Calls<=>Incident Calls
29] AdER Emails<=>Incident Emails
29] AdER2 Emails<=>Incident Emails
29] AdVR2 Emails<=>Incident Emails
29] SAVR2 Emails<=>Incident Emails
29] EmVR2 Emails<=>Incident Emails
30] AdER Meeting<=>Incident Meeting
30] AdER2 Meeting<=>Incident Meeting
30] AdVR2 Meeting<=>Incident Meeting
30] SAVR2 Meeting<=>Incident Meeting
30] EmVR2 Meeting<=>Incident Meeting
31] AdER Handover<=>Incident Handover
31] AdER2 Handover<=>Incident Handover
31] AdVR2 Handover<=>Incident Handover
31] SAVR2 Handover<=>Incident Handover
31] EmVR2 Handover<=>Incident Handover
32] AdER Other Tasks<=>Incident Other Tasks
32] AdER2 Other Tasks<=>Incident Other Tasks
32] AdVR2 Other Tasks<=>Incident Other Tasks
32] SAVR2 Other Tasks<=>Incident Other Tasks
32] EmVR2 Other Tasks<=>Incident Other Tasks
33] AdER Training<=>Incident Training
33] AdER2 Training<=>Incident Training
33] AdVR2 Training<=>Incident Training
33] SAVR2 Training<=>Incident Training
33] EmVR2 Training<=>Incident Training
<=======================================>]]>
  </system-out>
</testsuite> <!-- com.hashTagMIS.Test.EmployeeUC.c2Report.A1AdEditReportTC -->
