<?xml version="1.0" encoding="UTF-8"?>
<!-- Generated by org.testng.reporters.JUnitReportReporter -->
<testsuite hostname="DESKTOP-N42I4EB" failures="0" tests="1" name="com.hashTagMIS.Test.Flow.CheckUncheckFlow.F2CheckWebpageAfterQuitBrowser" time="12.576" errors="0" timestamp="2024-08-21T12:15:14 IST" skipped="0">
  <testcase classname="com.hashTagMIS.Test.Flow.CheckUncheckFlow.F2CheckWebpageAfterQuitBrowser" name="CheckURLAfterAdminLogoutTest" time="12.576"/>
  <system-out>
    <![CDATA[OTP has been sent successfully<===>OTP has been sent successfully]]>
  </system-out>
</testsuite> <!-- com.hashTagMIS.Test.Flow.CheckUncheckFlow.F2CheckWebpageAfterQuitBrowser -->
